<?xml version="1.0" encoding="UTF-8"?>
<!-- Generated by org.testng.reporters.JUnitXMLReporter -->
<testsuite ignored="0" hostname="DESKTOP-R5R7T0T" failures="0" tests="1" name="LoginTestEdge" time="0.203" errors="0" timestamp="2021-12-12T13:48:09 IST">
  <testcase classname="com.MyBatchProject.Utility.BaseClass" name="@BeforeMethod launchBrowser" time="0.009">
    <failure type="java.lang.StackOverflowError">
      <![CDATA[java.lang.StackOverflowError
at com.MyBatchProject.Utility.ConfigDataProvider.getBrowserNameFireFox(ConfigDataProvider.java:22)
at com.MyBatchProject.Utility.ConfigDataProvider.getBrowserNameFireFox(ConfigDataProvider.java:22)
at com.MyBatchProject.Utility.ConfigDataProvider.getBrowserNameFireFox(ConfigDataProvider.java:22)
at com.MyBatchProject.Utility.ConfigDataProvider.getBrowserNameFireFox(ConfigDataProvider.java:22)
at com.MyBatchProject.Utility.ConfigDataProvider.getBrowserNameFireFox(ConfigDataProvider.java:22)
at com.MyBatchProject.Utility.ConfigDataProvider.getBrowserNameFireFox(ConfigDataProvider.java:22)
at com.MyBatchProject.Utility.ConfigDataProvider.getBrowserNameFireFox(ConfigDataProvider.java:22)
at com.MyBatchProject.Utility.ConfigDataProvider.getBrowserNameFireFox(ConfigDataProvider.java:22)
at com.MyBatchProject.Utility.ConfigDataProvider.getBrowserNameFireFox(ConfigDataProvider.java:22)
at com.MyBatchProject.Utility.ConfigDataProvider.getBrowserNameFireFox(ConfigDataProvider.java:22)
at com.MyBatchProject.Utility.ConfigDataProvider.getBrowserNameFireFox(ConfigDataProvider.java:22)
at com.MyBatchProject.Utility.ConfigDataProvider.getBrowserNameFireFox(ConfigDataProvider.java:22)
at com.MyBatchProject.Utility.ConfigDataProvider.getBrowserNameFireFox(ConfigDataProvider.java:22)
at com.MyBatchProject.Utility.ConfigDataProvider.getBrowserNameFireFox(ConfigDataProvider.java:22)
at com.MyBatchProject.Utility.ConfigDataProvider.getBrowserNameFireFox(ConfigDataProvider.java:22)
at com.MyBatchProject.Utility.ConfigDataProvider.getBrowserNameFireFox(ConfigDataProvider.java:22)
at com.MyBatchProject.Utility.ConfigDataProvider.getBrowserNameFireFox(ConfigDataProvider.java:22)
at com.MyBatchProject.Utility.ConfigDataProvider.getBrowserNameFireFox(ConfigDataProvider.java:22)
at com.MyBatchProject.Utility.ConfigDataProvider.getBrowserNameFireFox(ConfigDataProvider.java:22)
at com.MyBatchProject.Utility.ConfigDataProvider.getBrowserNameFireFox(ConfigDataProvider.java:22)
at com.MyBatchProject.Utility.ConfigDataProvider.getBrowserNameFireFox(ConfigDataProvider.java:22)
at com.MyBatchProject.Utility.ConfigDataProvider.getBrowserNameFireFox(ConfigDataProvider.java:22)
at com.MyBatchProject.Utility.ConfigDataProvider.getBrowserNameFireFox(ConfigDataProvider.java:22)
at com.MyBatchProject.Utility.ConfigDataProvider.getBrowserNameFireFox(ConfigDataProvider.java:22)
at com.MyBatchProject.Utility.ConfigDataProvider.getBrowserNameFireFox(ConfigDataProvider.java:22)
at com.MyBatchProject.Utility.ConfigDataProvider.getBrowserNameFireFox(ConfigDataProvider.java:22)
at com.MyBatchProject.Utility.ConfigDataProvider.getBrowserNameFireFox(ConfigDataProvider.java:22)
at com.MyBatchProject.Utility.ConfigDataProvider.getBrowserNameFireFox(ConfigDataProvider.java:22)
at com.MyBatchProject.Utility.ConfigDataProvider.getBrowserNameFireFox(ConfigDataProvider.java:22)
at com.MyBatchProject.Utility.ConfigDataProvider.getBrowserNameFireFox(ConfigDataProvider.java:22)
at com.MyBatchProject.Utility.ConfigDataProvider.getBrowserNameFireFox(ConfigDataProvider.java:22)
at com.MyBatchProject.Utility.ConfigDataProvider.getBrowserNameFireFox(ConfigDataProvider.java:22)
at com.MyBatchProject.Utility.ConfigDataProvider.getBrowserNameFireFox(ConfigDataProvider.java:22)
at com.MyBatchProject.Utility.ConfigDataProvider.getBrowserNameFireFox(ConfigDataProvider.java:22)
at com.MyBatchProject.Utility.ConfigDataProvider.getBrowserNameFireFox(ConfigDataProvider.java:22)
at com.MyBatchProject.Utility.ConfigDataProvider.getBrowserNameFireFox(ConfigDataProvider.java:22)
at com.MyBatchProject.Utility.ConfigDataProvider.getBrowserNameFireFox(ConfigDataProvider.java:22)
at com.MyBatchProject.Utility.ConfigDataProvider.getBrowserNameFireFox(ConfigDataProvider.java:22)
at com.MyBatchProject.Utility.ConfigDataProvider.getBrowserNameFireFox(ConfigDataProvider.java:22)
at com.MyBatchProject.Utility.ConfigDataProvider.getBrowserNameFireFox(ConfigDataProvider.java:22)
at com.MyBatchProject.Utility.ConfigDataProvider.getBrowserNameFireFox(ConfigDataProvider.java:22)
at com.MyBatchProject.Utility.ConfigDataProvider.getBrowserNameFireFox(ConfigDataProvider.java:22)
at com.MyBatchProject.Utility.ConfigDataProvider.getBrowserNameFireFox(ConfigDataProvider.java:22)
at com.MyBatchProject.Utility.ConfigDataProvider.getBrowserNameFireFox(ConfigDataProvider.java:22)
at com.MyBatchProject.Utility.ConfigDataProvider.getBrowserNameFireFox(ConfigDataProvider.java:22)
at com.MyBatchProject.Utility.ConfigDataProvider.getBrowserNameFireFox(ConfigDataProvider.java:22)
at com.MyBatchProject.Utility.ConfigDataProvider.getBrowserNameFireFox(ConfigDataProvider.java:22)
at com.MyBatchProject.Utility.ConfigDataProvider.getBrowserNameFireFox(ConfigDataProvider.java:22)
at com.MyBatchProject.Utility.ConfigDataProvider.getBrowserNameFireFox(ConfigDataProvider.java:22)
at com.MyBatchProject.Utility.ConfigDataProvider.getBrowserNameFireFox(ConfigDataProvider.java:22)
at com.MyBatchProject.Utility.ConfigDataProvider.getBrowserNameFireFox(ConfigDataProvider.java:22)
at com.MyBatchProject.Utility.ConfigDataProvider.getBrowserNameFireFox(ConfigDataProvider.java:22)
at com.MyBatchProject.Utility.ConfigDataProvider.getBrowserNameFireFox(ConfigDataProvider.java:22)
at com.MyBatchProject.Utility.ConfigDataProvider.getBrowserNameFireFox(ConfigDataProvider.java:22)
at com.MyBatchProject.Utility.ConfigDataProvider.getBrowserNameFireFox(ConfigDataProvider.java:22)
at com.MyBatchProject.Utility.ConfigDataProvider.getBrowserNameFireFox(ConfigDataProvider.java:22)
at com.MyBatchProject.Utility.ConfigDataProvider.getBrowserNameFireFox(ConfigDataProvider.java:22)
at com.MyBatchProject.Utility.ConfigDataProvider.getBrowserNameFireFox(ConfigDataProvider.java:22)
at com.MyBatchProject.Utility.ConfigDataProvider.getBrowserNameFireFox(ConfigDataProvider.java:22)
at com.MyBatchProject.Utility.ConfigDataProvider.getBrowserNameFireFox(ConfigDataProvider.java:22)
at com.MyBatchProject.Utility.ConfigDataProvider.getBrowserNameFireFox(ConfigDataProvider.java:22)
at com.MyBatchProject.Utility.ConfigDataProvider.getBrowserNameFireFox(ConfigDataProvider.java:22)
at com.MyBatchProject.Utility.ConfigDataProvider.getBrowserNameFireFox(ConfigDataProvider.java:22)
at com.MyBatchProject.Utility.ConfigDataProvider.getBrowserNameFireFox(ConfigDataProvider.java:22)
at com.MyBatchProject.Utility.ConfigDataProvider.getBrowserNameFireFox(ConfigDataProvider.java:22)
at com.MyBatchProject.Utility.ConfigDataProvider.getBrowserNameFireFox(ConfigDataProvider.java:22)
at com.MyBatchProject.Utility.ConfigDataProvider.getBrowserNameFireFox(ConfigDataProvider.java:22)
at com.MyBatchProject.Utility.ConfigDataProvider.getBrowserNameFireFox(ConfigDataProvider.java:22)
at com.MyBatchProject.Utility.ConfigDataProvider.getBrowserNameFireFox(ConfigDataProvider.java:22)
at com.MyBatchProject.Utility.ConfigDataProvider.getBrowserNameFireFox(ConfigDataProvider.java:22)
at com.MyBatchProject.Utility.ConfigDataProvider.getBrowserNameFireFox(ConfigDataProvider.java:22)
at com.MyBatchProject.Utility.ConfigDataProvider.getBrowserNameFireFox(ConfigDataProvider.java:22)
at com.MyBatchProject.Utility.ConfigDataProvider.getBrowserNameFireFox(ConfigDataProvider.java:22)
at com.MyBatchProject.Utility.ConfigDataProvider.getBrowserNameFireFox(ConfigDataProvider.java:22)
at com.MyBatchProject.Utility.ConfigDataProvider.getBrowserNameFireFox(ConfigDataProvider.java:22)
at com.MyBatchProject.Utility.ConfigDataProvider.getBrowserNameFireFox(ConfigDataProvider.java:22)
at com.MyBatchProject.Utility.ConfigDataProvider.getBrowserNameFireFox(ConfigDataProvider.java:22)
at com.MyBatchProject.Utility.ConfigDataProvider.getBrowserNameFireFox(ConfigDataProvider.java:22)
at com.MyBatchProject.Utility.ConfigDataProvider.getBrowserNameFireFox(ConfigDataProvider.java:22)
at com.MyBatchProject.Utility.ConfigDataProvider.getBrowserNameFireFox(ConfigDataProvider.java:22)
at com.MyBatchProject.Utility.ConfigDataProvider.getBrowserNameFireFox(ConfigDataProvider.java:22)
at com.MyBatchProject.Utility.ConfigDataProvider.getBrowserNameFireFox(ConfigDataProvider.java:22)
at com.MyBatchProject.Utility.ConfigDataProvider.getBrowserNameFireFox(ConfigDataProvider.java:22)
at com.MyBatchProject.Utility.ConfigDataProvider.getBrowserNameFireFox(ConfigDataProvider.java:22)
at com.MyBatchProject.Utility.ConfigDataProvider.getBrowserNameFireFox(ConfigDataProvider.java:22)
at com.MyBatchProject.Utility.ConfigDataProvider.getBrowserNameFireFox(ConfigDataProvider.java:22)
at com.MyBatchProject.Utility.ConfigDataProvider.getBrowserNameFireFox(ConfigDataProvider.java:22)
at com.MyBatchProject.Utility.ConfigDataProvider.getBrowserNameFireFox(ConfigDataProvider.java:22)
at com.MyBatchProject.Utility.ConfigDataProvider.getBrowserNameFireFox(ConfigDataProvider.java:22)
at com.MyBatchProject.Utility.ConfigDataProvider.getBrowserNameFireFox(ConfigDataProvider.java:22)
at com.MyBatchProject.Utility.ConfigDataProvider.getBrowserNameFireFox(ConfigDataProvider.java:22)
at com.MyBatchProject.Utility.ConfigDataProvider.getBrowserNameFireFox(ConfigDataProvider.java:22)
at com.MyBatchProject.Utility.ConfigDataProvider.getBrowserNameFireFox(ConfigDataProvider.java:22)
at com.MyBatchProject.Utility.ConfigDataProvider.getBrowserNameFireFox(ConfigDataProvider.java:22)
at com.MyBatchProject.Utility.ConfigDataProvider.getBrowserNameFireFox(ConfigDataProvider.java:22)
at com.MyBatchProject.Utility.ConfigDataProvider.getBrowserNameFireFox(ConfigDataProvider.java:22)
at com.MyBatchProject.Utility.ConfigDataProvider.getBrowserNameFireFox(ConfigDataProvider.java:22)
at com.MyBatchProject.Utility.ConfigDataProvider.getBrowserNameFireFox(ConfigDataProvider.java:22)
at com.MyBatchProject.Utility.ConfigDataProvider.getBrowserNameFireFox(ConfigDataProvider.java:22)
at com.MyBatchProject.Utility.ConfigDataProvider.getBrowserNameFireFox(ConfigDataProvider.java:22)
at com.MyBatchProject.Utility.ConfigDataProvider.getBrowserNameFireFox(ConfigDataProvider.java:22)
at com.MyBatchProject.Utility.ConfigDataProvider.getBrowserNameFireFox(ConfigDataProvider.java:22)
at com.MyBatchProject.Utility.ConfigDataProvider.getBrowserNameFireFox(ConfigDataProvider.java:22)
at com.MyBatchProject.Utility.ConfigDataProvider.getBrowserNameFireFox(ConfigDataProvider.java:22)
at com.MyBatchProject.Utility.ConfigDataProvider.getBrowserNameFireFox(ConfigDataProvider.java:22)
at com.MyBatchProject.Utility.ConfigDataProvider.getBrowserNameFireFox(ConfigDataProvider.java:22)
at com.MyBatchProject.Utility.ConfigDataProvider.getBrowserNameFireFox(ConfigDataProvider.java:22)
at com.MyBatchProject.Utility.ConfigDataProvider.getBrowserNameFireFox(ConfigDataProvider.java:22)
at com.MyBatchProject.Utility.ConfigDataProvider.getBrowserNameFireFox(ConfigDataProvider.java:22)
at com.MyBatchProject.Utility.ConfigDataProvider.getBrowserNameFireFox(ConfigDataProvider.java:22)
at com.MyBatchProject.Utility.ConfigDataProvider.getBrowserNameFireFox(ConfigDataProvider.java:22)
at com.MyBatchProject.Utility.ConfigDataProvider.getBrowserNameFireFox(ConfigDataProvider.java:22)
at com.MyBatchProject.Utility.ConfigDataProvider.getBrowserNameFireFox(ConfigDataProvider.java:22)
at com.MyBatchProject.Utility.ConfigDataProvider.getBrowserNameFireFox(ConfigDataProvider.java:22)
at com.MyBatchProject.Utility.ConfigDataProvider.getBrowserNameFireFox(ConfigDataProvider.java:22)
at com.MyBatchProject.Utility.ConfigDataProvider.getBrowserNameFireFox(ConfigDataProvider.java:22)
at com.MyBatchProject.Utility.ConfigDataProvider.getBrowserNameFireFox(ConfigDataProvider.java:22)
at com.MyBatchProject.Utility.ConfigDataProvider.getBrowserNameFireFox(ConfigDataProvider.java:22)
at com.MyBatchProject.Utility.ConfigDataProvider.getBrowserNameFireFox(ConfigDataProvider.java:22)
at com.MyBatchProject.Utility.ConfigDataProvider.getBrowserNameFireFox(ConfigDataProvider.java:22)
at com.MyBatchProject.Utility.ConfigDataProvider.getBrowserNameFireFox(ConfigDataProvider.java:22)
at com.MyBatchProject.Utility.ConfigDataProvider.getBrowserNameFireFox(ConfigDataProvider.java:22)
at com.MyBatchProject.Utility.ConfigDataProvider.getBrowserNameFireFox(ConfigDataProvider.java:22)
at com.MyBatchProject.Utility.ConfigDataProvider.getBrowserNameFireFox(ConfigDataProvider.java:22)
at com.MyBatchProject.Utility.ConfigDataProvider.getBrowserNameFireFox(ConfigDataProvider.java:22)
at com.MyBatchProject.Utility.ConfigDataProvider.getBrowserNameFireFox(ConfigDataProvider.java:22)
at com.MyBatchProject.Utility.ConfigDataProvider.getBrowserNameFireFox(ConfigDataProvider.java:22)
at com.MyBatchProject.Utility.ConfigDataProvider.getBrowserNameFireFox(ConfigDataProvider.java:22)
at com.MyBatchProject.Utility.ConfigDataProvider.getBrowserNameFireFox(ConfigDataProvider.java:22)
at com.MyBatchProject.Utility.ConfigDataProvider.getBrowserNameFireFox(ConfigDataProvider.java:22)
at com.MyBatchProject.Utility.ConfigDataProvider.getBrowserNameFireFox(ConfigDataProvider.java:22)
at com.MyBatchProject.Utility.ConfigDataProvider.getBrowserNameFireFox(ConfigDataProvider.java:22)
at com.MyBatchProject.Utility.ConfigDataProvider.getBrowserNameFireFox(ConfigDataProvider.java:22)
at com.MyBatchProject.Utility.ConfigDataProvider.getBrowserNameFireFox(ConfigDataProvider.java:22)
at com.MyBatchProject.Utility.ConfigDataProvider.getBrowserNameFireFox(ConfigDataProvider.java:22)
at com.MyBatchProject.Utility.ConfigDataProvider.getBrowserNameFireFox(ConfigDataProvider.java:22)
at com.MyBatchProject.Utility.ConfigDataProvider.getBrowserNameFireFox(ConfigDataProvider.java:22)
at com.MyBatchProject.Utility.ConfigDataProvider.getBrowserNameFireFox(ConfigDataProvider.java:22)
at com.MyBatchProject.Utility.ConfigDataProvider.getBrowserNameFireFox(ConfigDataProvider.java:22)
at com.MyBatchProject.Utility.ConfigDataProvider.getBrowserNameFireFox(ConfigDataProvider.java:22)
at com.MyBatchProject.Utility.ConfigDataProvider.getBrowserNameFireFox(ConfigDataProvider.java:22)
at com.MyBatchProject.Utility.ConfigDataProvider.getBrowserNameFireFox(ConfigDataProvider.java:22)
at com.MyBatchProject.Utility.ConfigDataProvider.getBrowserNameFireFox(ConfigDataProvider.java:22)
at com.MyBatchProject.Utility.ConfigDataProvider.getBrowserNameFireFox(ConfigDataProvider.java:22)
at com.MyBatchProject.Utility.ConfigDataProvider.getBrowserNameFireFox(ConfigDataProvider.java:22)
at com.MyBatchProject.Utility.ConfigDataProvider.getBrowserNameFireFox(ConfigDataProvider.java:22)
at com.MyBatchProject.Utility.ConfigDataProvider.getBrowserNameFireFox(ConfigDataProvider.java:22)
at com.MyBatchProject.Utility.ConfigDataProvider.getBrowserNameFireFox(ConfigDataProvider.java:22)
at com.MyBatchProject.Utility.ConfigDataProvider.getBrowserNameFireFox(ConfigDataProvider.java:22)
at com.MyBatchProject.Utility.ConfigDataProvider.getBrowserNameFireFox(ConfigDataProvider.java:22)
at com.MyBatchProject.Utility.ConfigDataProvider.getBrowserNameFireFox(ConfigDataProvider.java:22)
at com.MyBatchProject.Utility.ConfigDataProvider.getBrowserNameFireFox(ConfigDataProvider.java:22)
at com.MyBatchProject.Utility.ConfigDataProvider.getBrowserNameFireFox(ConfigDataProvider.java:22)
at com.MyBatchProject.Utility.ConfigDataProvider.getBrowserNameFireFox(ConfigDataProvider.java:22)
at com.MyBatchProject.Utility.ConfigDataProvider.getBrowserNameFireFox(ConfigDataProvider.java:22)
at com.MyBatchProject.Utility.ConfigDataProvider.getBrowserNameFireFox(ConfigDataProvider.java:22)
at com.MyBatchProject.Utility.ConfigDataProvider.getBrowserNameFireFox(ConfigDataProvider.java:22)
at com.MyBatchProject.Utility.ConfigDataProvider.getBrowserNameFireFox(ConfigDataProvider.java:22)
at com.MyBatchProject.Utility.ConfigDataProvider.getBrowserNameFireFox(ConfigDataProvider.java:22)
at com.MyBatchProject.Utility.ConfigDataProvider.getBrowserNameFireFox(ConfigDataProvider.java:22)
at com.MyBatchProject.Utility.ConfigDataProvider.getBrowserNameFireFox(ConfigDataProvider.java:22)
at com.MyBatchProject.Utility.ConfigDataProvider.getBrowserNameFireFox(ConfigDataProvider.java:22)
at com.MyBatchProject.Utility.ConfigDataProvider.getBrowserNameFireFox(ConfigDataProvider.java:22)
at com.MyBatchProject.Utility.ConfigDataProvider.getBrowserNameFireFox(ConfigDataProvider.java:22)
at com.MyBatchProject.Utility.ConfigDataProvider.getBrowserNameFireFox(ConfigDataProvider.java:22)
at com.MyBatchProject.Utility.ConfigDataProvider.getBrowserNameFireFox(ConfigDataProvider.java:22)
at com.MyBatchProject.Utility.ConfigDataProvider.getBrowserNameFireFox(ConfigDataProvider.java:22)
at com.MyBatchProject.Utility.ConfigDataProvider.getBrowserNameFireFox(ConfigDataProvider.java:22)
at com.MyBatchProject.Utility.ConfigDataProvider.getBrowserNameFireFox(ConfigDataProvider.java:22)
at com.MyBatchProject.Utility.ConfigDataProvider.getBrowserNameFireFox(ConfigDataProvider.java:22)
at com.MyBatchProject.Utility.ConfigDataProvider.getBrowserNameFireFox(ConfigDataProvider.java:22)
at com.MyBatchProject.Utility.ConfigDataProvider.getBrowserNameFireFox(ConfigDataProvider.java:22)
at com.MyBatchProject.Utility.ConfigDataProvider.getBrowserNameFireFox(ConfigDataProvider.java:22)
at com.MyBatchProject.Utility.ConfigDataProvider.getBrowserNameFireFox(ConfigDataProvider.java:22)
at com.MyBatchProject.Utility.ConfigDataProvider.getBrowserNameFireFox(ConfigDataProvider.java:22)
at com.MyBatchProject.Utility.ConfigDataProvider.getBrowserNameFireFox(ConfigDataProvider.java:22)
at com.MyBatchProject.Utility.ConfigDataProvider.getBrowserNameFireFox(ConfigDataProvider.java:22)
at com.MyBatchProject.Utility.ConfigDataProvider.getBrowserNameFireFox(ConfigDataProvider.java:22)
at com.MyBatchProject.Utility.ConfigDataProvider.getBrowserNameFireFox(ConfigDataProvider.java:22)
at com.MyBatchProject.Utility.ConfigDataProvider.getBrowserNameFireFox(ConfigDataProvider.java:22)
at com.MyBatchProject.Utility.ConfigDataProvider.getBrowserNameFireFox(ConfigDataProvider.java:22)
at com.MyBatchProject.Utility.ConfigDataProvider.getBrowserNameFireFox(ConfigDataProvider.java:22)
at com.MyBatchProject.Utility.ConfigDataProvider.getBrowserNameFireFox(ConfigDataProvider.java:22)
at com.MyBatchProject.Utility.ConfigDataProvider.getBrowserNameFireFox(ConfigDataProvider.java:22)
at com.MyBatchProject.Utility.ConfigDataProvider.getBrowserNameFireFox(ConfigDataProvider.java:22)
at com.MyBatchProject.Utility.ConfigDataProvider.getBrowserNameFireFox(ConfigDataProvider.java:22)
at com.MyBatchProject.Utility.ConfigDataProvider.getBrowserNameFireFox(ConfigDataProvider.java:22)
at com.MyBatchProject.Utility.ConfigDataProvider.getBrowserNameFireFox(ConfigDataProvider.java:22)
at com.MyBatchProject.Utility.ConfigDataProvider.getBrowserNameFireFox(ConfigDataProvider.java:22)
at com.MyBatchProject.Utility.ConfigDataProvider.getBrowserNameFireFox(ConfigDataProvider.java:22)
at com.MyBatchProject.Utility.ConfigDataProvider.getBrowserNameFireFox(ConfigDataProvider.java:22)
at com.MyBatchProject.Utility.ConfigDataProvider.getBrowserNameFireFox(ConfigDataProvider.java:22)
at com.MyBatchProject.Utility.ConfigDataProvider.getBrowserNameFireFox(ConfigDataProvider.java:22)
at com.MyBatchProject.Utility.ConfigDataProvider.getBrowserNameFireFox(ConfigDataProvider.java:22)
at com.MyBatchProject.Utility.ConfigDataProvider.getBrowserNameFireFox(ConfigDataProvider.java:22)
at com.MyBatchProject.Utility.ConfigDataProvider.getBrowserNameFireFox(ConfigDataProvider.java:22)
at com.MyBatchProject.Utility.ConfigDataProvider.getBrowserNameFireFox(ConfigDataProvider.java:22)
at com.MyBatchProject.Utility.ConfigDataProvider.getBrowserNameFireFox(ConfigDataProvider.java:22)
at com.MyBatchProject.Utility.ConfigDataProvider.getBrowserNameFireFox(ConfigDataProvider.java:22)
at com.MyBatchProject.Utility.ConfigDataProvider.getBrowserNameFireFox(ConfigDataProvider.java:22)
at com.MyBatchProject.Utility.ConfigDataProvider.getBrowserNameFireFox(ConfigDataProvider.java:22)
at com.MyBatchProject.Utility.ConfigDataProvider.getBrowserNameFireFox(ConfigDataProvider.java:22)
at com.MyBatchProject.Utility.ConfigDataProvider.getBrowserNameFireFox(ConfigDataProvider.java:22)
at com.MyBatchProject.Utility.ConfigDataProvider.getBrowserNameFireFox(ConfigDataProvider.java:22)
at com.MyBatchProject.Utility.ConfigDataProvider.getBrowserNameFireFox(ConfigDataProvider.java:22)
at com.MyBatchProject.Utility.ConfigDataProvider.getBrowserNameFireFox(ConfigDataProvider.java:22)
at com.MyBatchProject.Utility.ConfigDataProvider.getBrowserNameFireFox(ConfigDataProvider.java:22)
at com.MyBatchProject.Utility.ConfigDataProvider.getBrowserNameFireFox(ConfigDataProvider.java:22)
at com.MyBatchProject.Utility.ConfigDataProvider.getBrowserNameFireFox(ConfigDataProvider.java:22)
at com.MyBatchProject.Utility.ConfigDataProvider.getBrowserNameFireFox(ConfigDataProvider.java:22)
at com.MyBatchProject.Utility.ConfigDataProvider.getBrowserNameFireFox(ConfigDataProvider.java:22)
at com.MyBatchProject.Utility.ConfigDataProvider.getBrowserNameFireFox(ConfigDataProvider.java:22)
at com.MyBatchProject.Utility.ConfigDataProvider.getBrowserNameFireFox(ConfigDataProvider.java:22)
at com.MyBatchProject.Utility.ConfigDataProvider.getBrowserNameFireFox(ConfigDataProvider.java:22)
at com.MyBatchProject.Utility.ConfigDataProvider.getBrowserNameFireFox(ConfigDataProvider.java:22)
at com.MyBatchProject.Utility.ConfigDataProvider.getBrowserNameFireFox(ConfigDataProvider.java:22)
at com.MyBatchProject.Utility.ConfigDataProvider.getBrowserNameFireFox(ConfigDataProvider.java:22)
at com.MyBatchProject.Utility.ConfigDataProvider.getBrowserNameFireFox(ConfigDataProvider.java:22)
at com.MyBatchProject.Utility.ConfigDataProvider.getBrowserNameFireFox(ConfigDataProvider.java:22)
at com.MyBatchProject.Utility.ConfigDataProvider.getBrowserNameFireFox(ConfigDataProvider.java:22)
at com.MyBatchProject.Utility.ConfigDataProvider.getBrowserNameFireFox(ConfigDataProvider.java:22)
at com.MyBatchProject.Utility.ConfigDataProvider.getBrowserNameFireFox(ConfigDataProvider.java:22)
at com.MyBatchProject.Utility.ConfigDataProvider.getBrowserNameFireFox(ConfigDataProvider.java:22)
at com.MyBatchProject.Utility.ConfigDataProvider.getBrowserNameFireFox(ConfigDataProvider.java:22)
at com.MyBatchProject.Utility.ConfigDataProvider.getBrowserNameFireFox(ConfigDataProvider.java:22)
at com.MyBatchProject.Utility.ConfigDataProvider.getBrowserNameFireFox(ConfigDataProvider.java:22)
at com.MyBatchProject.Utility.ConfigDataProvider.getBrowserNameFireFox(ConfigDataProvider.java:22)
at com.MyBatchProject.Utility.ConfigDataProvider.getBrowserNameFireFox(ConfigDataProvider.java:22)
at com.MyBatchProject.Utility.ConfigDataProvider.getBrowserNameFireFox(ConfigDataProvider.java:22)
at com.MyBatchProject.Utility.ConfigDataProvider.getBrowserNameFireFox(ConfigDataProvider.java:22)
at com.MyBatchProject.Utility.ConfigDataProvider.getBrowserNameFireFox(ConfigDataProvider.java:22)
at com.MyBatchProject.Utility.ConfigDataProvider.getBrowserNameFireFox(ConfigDataProvider.java:22)
at com.MyBatchProject.Utility.ConfigDataProvider.getBrowserNameFireFox(ConfigDataProvider.java:22)
at com.MyBatchProject.Utility.ConfigDataProvider.getBrowserNameFireFox(ConfigDataProvider.java:22)
at com.MyBatchProject.Utility.ConfigDataProvider.getBrowserNameFireFox(ConfigDataProvider.java:22)
at com.MyBatchProject.Utility.ConfigDataProvider.getBrowserNameFireFox(ConfigDataProvider.java:22)
at com.MyBatchProject.Utility.ConfigDataProvider.getBrowserNameFireFox(ConfigDataProvider.java:22)
at com.MyBatchProject.Utility.ConfigDataProvider.getBrowserNameFireFox(ConfigDataProvider.java:22)
at com.MyBatchProject.Utility.ConfigDataProvider.getBrowserNameFireFox(ConfigDataProvider.java:22)
at com.MyBatchProject.Utility.ConfigDataProvider.getBrowserNameFireFox(ConfigDataProvider.java:22)
at com.MyBatchProject.Utility.ConfigDataProvider.getBrowserNameFireFox(ConfigDataProvider.java:22)
at com.MyBatchProject.Utility.ConfigDataProvider.getBrowserNameFireFox(ConfigDataProvider.java:22)
at com.MyBatchProject.Utility.ConfigDataProvider.getBrowserNameFireFox(ConfigDataProvider.java:22)
at com.MyBatchProject.Utility.ConfigDataProvider.getBrowserNameFireFox(ConfigDataProvider.java:22)
at com.MyBatchProject.Utility.ConfigDataProvider.getBrowserNameFireFox(ConfigDataProvider.java:22)
at com.MyBatchProject.Utility.ConfigDataProvider.getBrowserNameFireFox(ConfigDataProvider.java:22)
at com.MyBatchProject.Utility.ConfigDataProvider.getBrowserNameFireFox(ConfigDataProvider.java:22)
at com.MyBatchProject.Utility.ConfigDataProvider.getBrowserNameFireFox(ConfigDataProvider.java:22)
at com.MyBatchProject.Utility.ConfigDataProvider.getBrowserNameFireFox(ConfigDataProvider.java:22)
at com.MyBatchProject.Utility.ConfigDataProvider.getBrowserNameFireFox(ConfigDataProvider.java:22)
at com.MyBatchProject.Utility.ConfigDataProvider.getBrowserNameFireFox(ConfigDataProvider.java:22)
at com.MyBatchProject.Utility.ConfigDataProvider.getBrowserNameFireFox(ConfigDataProvider.java:22)
at com.MyBatchProject.Utility.ConfigDataProvider.getBrowserNameFireFox(ConfigDataProvider.java:22)
at com.MyBatchProject.Utility.ConfigDataProvider.getBrowserNameFireFox(ConfigDataProvider.java:22)
at com.MyBatchProject.Utility.ConfigDataProvider.getBrowserNameFireFox(ConfigDataProvider.java:22)
at com.MyBatchProject.Utility.ConfigDataProvider.getBrowserNameFireFox(ConfigDataProvider.java:22)
at com.MyBatchProject.Utility.ConfigDataProvider.getBrowserNameFireFox(ConfigDataProvider.java:22)
at com.MyBatchProject.Utility.ConfigDataProvider.getBrowserNameFireFox(ConfigDataProvider.java:22)
at com.MyBatchProject.Utility.ConfigDataProvider.getBrowserNameFireFox(ConfigDataProvider.java:22)
at com.MyBatchProject.Utility.ConfigDataProvider.getBrowserNameFireFox(ConfigDataProvider.java:22)
at com.MyBatchProject.Utility.ConfigDataProvider.getBrowserNameFireFox(ConfigDataProvider.java:22)
at com.MyBatchProject.Utility.ConfigDataProvider.getBrowserNameFireFox(ConfigDataProvider.java:22)
at com.MyBatchProject.Utility.ConfigDataProvider.getBrowserNameFireFox(ConfigDataProvider.java:22)
at com.MyBatchProject.Utility.ConfigDataProvider.getBrowserNameFireFox(ConfigDataProvider.java:22)
at com.MyBatchProject.Utility.ConfigDataProvider.getBrowserNameFireFox(ConfigDataProvider.java:22)
at com.MyBatchProject.Utility.ConfigDataProvider.getBrowserNameFireFox(ConfigDataProvider.java:22)
at com.MyBatchProject.Utility.ConfigDataProvider.getBrowserNameFireFox(ConfigDataProvider.java:22)
at com.MyBatchProject.Utility.ConfigDataProvider.getBrowserNameFireFox(ConfigDataProvider.java:22)
at com.MyBatchProject.Utility.ConfigDataProvider.getBrowserNameFireFox(ConfigDataProvider.java:22)
at com.MyBatchProject.Utility.ConfigDataProvider.getBrowserNameFireFox(ConfigDataProvider.java:22)
at com.MyBatchProject.Utility.ConfigDataProvider.getBrowserNameFireFox(ConfigDataProvider.java:22)
at com.MyBatchProject.Utility.ConfigDataProvider.getBrowserNameFireFox(ConfigDataProvider.java:22)
at com.MyBatchProject.Utility.ConfigDataProvider.getBrowserNameFireFox(ConfigDataProvider.java:22)
at com.MyBatchProject.Utility.ConfigDataProvider.getBrowserNameFireFox(ConfigDataProvider.java:22)
at com.MyBatchProject.Utility.ConfigDataProvider.getBrowserNameFireFox(ConfigDataProvider.java:22)
at com.MyBatchProject.Utility.ConfigDataProvider.getBrowserNameFireFox(ConfigDataProvider.java:22)
at com.MyBatchProject.Utility.ConfigDataProvider.getBrowserNameFireFox(ConfigDataProvider.java:22)
at com.MyBatchProject.Utility.ConfigDataProvider.getBrowserNameFireFox(ConfigDataProvider.java:22)
at com.MyBatchProject.Utility.ConfigDataProvider.getBrowserNameFireFox(ConfigDataProvider.java:22)
at com.MyBatchProject.Utility.ConfigDataProvider.getBrowserNameFireFox(ConfigDataProvider.java:22)
at com.MyBatchProject.Utility.ConfigDataProvider.getBrowserNameFireFox(ConfigDataProvider.java:22)
at com.MyBatchProject.Utility.ConfigDataProvider.getBrowserNameFireFox(ConfigDataProvider.java:22)
at com.MyBatchProject.Utility.ConfigDataProvider.getBrowserNameFireFox(ConfigDataProvider.java:22)
at com.MyBatchProject.Utility.ConfigDataProvider.getBrowserNameFireFox(ConfigDataProvider.java:22)
at com.MyBatchProject.Utility.ConfigDataProvider.getBrowserNameFireFox(ConfigDataProvider.java:22)
at com.MyBatchProject.Utility.ConfigDataProvider.getBrowserNameFireFox(ConfigDataProvider.java:22)
at com.MyBatchProject.Utility.ConfigDataProvider.getBrowserNameFireFox(ConfigDataProvider.java:22)
at com.MyBatchProject.Utility.ConfigDataProvider.getBrowserNameFireFox(ConfigDataProvider.java:22)
at com.MyBatchProject.Utility.ConfigDataProvider.getBrowserNameFireFox(ConfigDataProvider.java:22)
at com.MyBatchProject.Utility.ConfigDataProvider.getBrowserNameFireFox(ConfigDataProvider.java:22)
at com.MyBatchProject.Utility.ConfigDataProvider.getBrowserNameFireFox(ConfigDataProvider.java:22)
at com.MyBatchProject.Utility.ConfigDataProvider.getBrowserNameFireFox(ConfigDataProvider.java:22)
at com.MyBatchProject.Utility.ConfigDataProvider.getBrowserNameFireFox(ConfigDataProvider.java:22)
at com.MyBatchProject.Utility.ConfigDataProvider.getBrowserNameFireFox(ConfigDataProvider.java:22)
at com.MyBatchProject.Utility.ConfigDataProvider.getBrowserNameFireFox(ConfigDataProvider.java:22)
at com.MyBatchProject.Utility.ConfigDataProvider.getBrowserNameFireFox(ConfigDataProvider.java:22)
at com.MyBatchProject.Utility.ConfigDataProvider.getBrowserNameFireFox(ConfigDataProvider.java:22)
at com.MyBatchProject.Utility.ConfigDataProvider.getBrowserNameFireFox(ConfigDataProvider.java:22)
at com.MyBatchProject.Utility.ConfigDataProvider.getBrowserNameFireFox(ConfigDataProvider.java:22)
at com.MyBatchProject.Utility.ConfigDataProvider.getBrowserNameFireFox(ConfigDataProvider.java:22)
at com.MyBatchProject.Utility.ConfigDataProvider.getBrowserNameFireFox(ConfigDataProvider.java:22)
at com.MyBatchProject.Utility.ConfigDataProvider.getBrowserNameFireFox(ConfigDataProvider.java:22)
at com.MyBatchProject.Utility.ConfigDataProvider.getBrowserNameFireFox(ConfigDataProvider.java:22)
at com.MyBatchProject.Utility.ConfigDataProvider.getBrowserNameFireFox(ConfigDataProvider.java:22)
at com.MyBatchProject.Utility.ConfigDataProvider.getBrowserNameFireFox(ConfigDataProvider.java:22)
at com.MyBatchProject.Utility.ConfigDataProvider.getBrowserNameFireFox(ConfigDataProvider.java:22)
at com.MyBatchProject.Utility.ConfigDataProvider.getBrowserNameFireFox(ConfigDataProvider.java:22)
at com.MyBatchProject.Utility.ConfigDataProvider.getBrowserNameFireFox(ConfigDataProvider.java:22)
at com.MyBatchProject.Utility.ConfigDataProvider.getBrowserNameFireFox(ConfigDataProvider.java:22)
at com.MyBatchProject.Utility.ConfigDataProvider.getBrowserNameFireFox(ConfigDataProvider.java:22)
at com.MyBatchProject.Utility.ConfigDataProvider.getBrowserNameFireFox(ConfigDataProvider.java:22)
at com.MyBatchProject.Utility.ConfigDataProvider.getBrowserNameFireFox(ConfigDataProvider.java:22)
at com.MyBatchProject.Utility.ConfigDataProvider.getBrowserNameFireFox(ConfigDataProvider.java:22)
at com.MyBatchProject.Utility.ConfigDataProvider.getBrowserNameFireFox(ConfigDataProvider.java:22)
at com.MyBatchProject.Utility.ConfigDataProvider.getBrowserNameFireFox(ConfigDataProvider.java:22)
at com.MyBatchProject.Utility.ConfigDataProvider.getBrowserNameFireFox(ConfigDataProvider.java:22)
at com.MyBatchProject.Utility.ConfigDataProvider.getBrowserNameFireFox(ConfigDataProvider.java:22)
at com.MyBatchProject.Utility.ConfigDataProvider.getBrowserNameFireFox(ConfigDataProvider.java:22)
at com.MyBatchProject.Utility.ConfigDataProvider.getBrowserNameFireFox(ConfigDataProvider.java:22)
at com.MyBatchProject.Utility.ConfigDataProvider.getBrowserNameFireFox(ConfigDataProvider.java:22)
at com.MyBatchProject.Utility.ConfigDataProvider.getBrowserNameFireFox(ConfigDataProvider.java:22)
at com.MyBatchProject.Utility.ConfigDataProvider.getBrowserNameFireFox(ConfigDataProvider.java:22)
at com.MyBatchProject.Utility.ConfigDataProvider.getBrowserNameFireFox(ConfigDataProvider.java:22)
at com.MyBatchProject.Utility.ConfigDataProvider.getBrowserNameFireFox(ConfigDataProvider.java:22)
at com.MyBatchProject.Utility.ConfigDataProvider.getBrowserNameFireFox(ConfigDataProvider.java:22)
at com.MyBatchProject.Utility.ConfigDataProvider.getBrowserNameFireFox(ConfigDataProvider.java:22)
at com.MyBatchProject.Utility.ConfigDataProvider.getBrowserNameFireFox(ConfigDataProvider.java:22)
at com.MyBatchProject.Utility.ConfigDataProvider.getBrowserNameFireFox(ConfigDataProvider.java:22)
at com.MyBatchProject.Utility.ConfigDataProvider.getBrowserNameFireFox(ConfigDataProvider.java:22)
at com.MyBatchProject.Utility.ConfigDataProvider.getBrowserNameFireFox(ConfigDataProvider.java:22)
at com.MyBatchProject.Utility.ConfigDataProvider.getBrowserNameFireFox(ConfigDataProvider.java:22)
at com.MyBatchProject.Utility.ConfigDataProvider.getBrowserNameFireFox(ConfigDataProvider.java:22)
at com.MyBatchProject.Utility.ConfigDataProvider.getBrowserNameFireFox(ConfigDataProvider.java:22)
at com.MyBatchProject.Utility.ConfigDataProvider.getBrowserNameFireFox(ConfigDataProvider.java:22)
at com.MyBatchProject.Utility.ConfigDataProvider.getBrowserNameFireFox(ConfigDataProvider.java:22)
at com.MyBatchProject.Utility.ConfigDataProvider.getBrowserNameFireFox(ConfigDataProvider.java:22)
at com.MyBatchProject.Utility.ConfigDataProvider.getBrowserNameFireFox(ConfigDataProvider.java:22)
at com.MyBatchProject.Utility.ConfigDataProvider.getBrowserNameFireFox(ConfigDataProvider.java:22)
at com.MyBatchProject.Utility.ConfigDataProvider.getBrowserNameFireFox(ConfigDataProvider.java:22)
at com.MyBatchProject.Utility.ConfigDataProvider.getBrowserNameFireFox(ConfigDataProvider.java:22)
at com.MyBatchProject.Utility.ConfigDataProvider.getBrowserNameFireFox(ConfigDataProvider.java:22)
at com.MyBatchProject.Utility.ConfigDataProvider.getBrowserNameFireFox(ConfigDataProvider.java:22)
at com.MyBatchProject.Utility.ConfigDataProvider.getBrowserNameFireFox(ConfigDataProvider.java:22)
at com.MyBatchProject.Utility.ConfigDataProvider.getBrowserNameFireFox(ConfigDataProvider.java:22)
at com.MyBatchProject.Utility.ConfigDataProvider.getBrowserNameFireFox(ConfigDataProvider.java:22)
at com.MyBatchProject.Utility.ConfigDataProvider.getBrowserNameFireFox(ConfigDataProvider.java:22)
at com.MyBatchProject.Utility.ConfigDataProvider.getBrowserNameFireFox(ConfigDataProvider.java:22)
at com.MyBatchProject.Utility.ConfigDataProvider.getBrowserNameFireFox(ConfigDataProvider.java:22)
at com.MyBatchProject.Utility.ConfigDataProvider.getBrowserNameFireFox(ConfigDataProvider.java:22)
at com.MyBatchProject.Utility.ConfigDataProvider.getBrowserNameFireFox(ConfigDataProvider.java:22)
at com.MyBatchProject.Utility.ConfigDataProvider.getBrowserNameFireFox(ConfigDataProvider.java:22)
at com.MyBatchProject.Utility.ConfigDataProvider.getBrowserNameFireFox(ConfigDataProvider.java:22)
at com.MyBatchProject.Utility.ConfigDataProvider.getBrowserNameFireFox(ConfigDataProvider.java:22)
at com.MyBatchProject.Utility.ConfigDataProvider.getBrowserNameFireFox(ConfigDataProvider.java:22)
at com.MyBatchProject.Utility.ConfigDataProvider.getBrowserNameFireFox(ConfigDataProvider.java:22)
at com.MyBatchProject.Utility.ConfigDataProvider.getBrowserNameFireFox(ConfigDataProvider.java:22)
at com.MyBatchProject.Utility.ConfigDataProvider.getBrowserNameFireFox(ConfigDataProvider.java:22)
at com.MyBatchProject.Utility.ConfigDataProvider.getBrowserNameFireFox(ConfigDataProvider.java:22)
at com.MyBatchProject.Utility.ConfigDataProvider.getBrowserNameFireFox(ConfigDataProvider.java:22)
at com.MyBatchProject.Utility.ConfigDataProvider.getBrowserNameFireFox(ConfigDataProvider.java:22)
at com.MyBatchProject.Utility.ConfigDataProvider.getBrowserNameFireFox(ConfigDataProvider.java:22)
at com.MyBatchProject.Utility.ConfigDataProvider.getBrowserNameFireFox(ConfigDataProvider.java:22)
at com.MyBatchProject.Utility.ConfigDataProvider.getBrowserNameFireFox(ConfigDataProvider.java:22)
at com.MyBatchProject.Utility.ConfigDataProvider.getBrowserNameFireFox(ConfigDataProvider.java:22)
at com.MyBatchProject.Utility.ConfigDataProvider.getBrowserNameFireFox(ConfigDataProvider.java:22)
at com.MyBatchProject.Utility.ConfigDataProvider.getBrowserNameFireFox(ConfigDataProvider.java:22)
at com.MyBatchProject.Utility.ConfigDataProvider.getBrowserNameFireFox(ConfigDataProvider.java:22)
at com.MyBatchProject.Utility.ConfigDataProvider.getBrowserNameFireFox(ConfigDataProvider.java:22)
at com.MyBatchProject.Utility.ConfigDataProvider.getBrowserNameFireFox(ConfigDataProvider.java:22)
at com.MyBatchProject.Utility.ConfigDataProvider.getBrowserNameFireFox(ConfigDataProvider.java:22)
at com.MyBatchProject.Utility.ConfigDataProvider.getBrowserNameFireFox(ConfigDataProvider.java:22)
at com.MyBatchProject.Utility.ConfigDataProvider.getBrowserNameFireFox(ConfigDataProvider.java:22)
at com.MyBatchProject.Utility.ConfigDataProvider.getBrowserNameFireFox(ConfigDataProvider.java:22)
at com.MyBatchProject.Utility.ConfigDataProvider.getBrowserNameFireFox(ConfigDataProvider.java:22)
at com.MyBatchProject.Utility.ConfigDataProvider.getBrowserNameFireFox(ConfigDataProvider.java:22)
at com.MyBatchProject.Utility.ConfigDataProvider.getBrowserNameFireFox(ConfigDataProvider.java:22)
at com.MyBatchProject.Utility.ConfigDataProvider.getBrowserNameFireFox(ConfigDataProvider.java:22)
at com.MyBatchProject.Utility.ConfigDataProvider.getBrowserNameFireFox(ConfigDataProvider.java:22)
at com.MyBatchProject.Utility.ConfigDataProvider.getBrowserNameFireFox(ConfigDataProvider.java:22)
at com.MyBatchProject.Utility.ConfigDataProvider.getBrowserNameFireFox(ConfigDataProvider.java:22)
at com.MyBatchProject.Utility.ConfigDataProvider.getBrowserNameFireFox(ConfigDataProvider.java:22)
at com.MyBatchProject.Utility.ConfigDataProvider.getBrowserNameFireFox(ConfigDataProvider.java:22)
at com.MyBatchProject.Utility.ConfigDataProvider.getBrowserNameFireFox(ConfigDataProvider.java:22)
at com.MyBatchProject.Utility.ConfigDataProvider.getBrowserNameFireFox(ConfigDataProvider.java:22)
at com.MyBatchProject.Utility.ConfigDataProvider.getBrowserNameFireFox(ConfigDataProvider.java:22)
at com.MyBatchProject.Utility.ConfigDataProvider.getBrowserNameFireFox(ConfigDataProvider.java:22)
at com.MyBatchProject.Utility.ConfigDataProvider.getBrowserNameFireFox(ConfigDataProvider.java:22)
at com.MyBatchProject.Utility.ConfigDataProvider.getBrowserNameFireFox(ConfigDataProvider.java:22)
at com.MyBatchProject.Utility.ConfigDataProvider.getBrowserNameFireFox(ConfigDataProvider.java:22)
at com.MyBatchProject.Utility.ConfigDataProvider.getBrowserNameFireFox(ConfigDataProvider.java:22)
at com.MyBatchProject.Utility.ConfigDataProvider.getBrowserNameFireFox(ConfigDataProvider.java:22)
at com.MyBatchProject.Utility.ConfigDataProvider.getBrowserNameFireFox(ConfigDataProvider.java:22)
at com.MyBatchProject.Utility.ConfigDataProvider.getBrowserNameFireFox(ConfigDataProvider.java:22)
at com.MyBatchProject.Utility.ConfigDataProvider.getBrowserNameFireFox(ConfigDataProvider.java:22)
at com.MyBatchProject.Utility.ConfigDataProvider.getBrowserNameFireFox(ConfigDataProvider.java:22)
at com.MyBatchProject.Utility.ConfigDataProvider.getBrowserNameFireFox(ConfigDataProvider.java:22)
at com.MyBatchProject.Utility.ConfigDataProvider.getBrowserNameFireFox(ConfigDataProvider.java:22)
at com.MyBatchProject.Utility.ConfigDataProvider.getBrowserNameFireFox(ConfigDataProvider.java:22)
at com.MyBatchProject.Utility.ConfigDataProvider.getBrowserNameFireFox(ConfigDataProvider.java:22)
at com.MyBatchProject.Utility.ConfigDataProvider.getBrowserNameFireFox(ConfigDataProvider.java:22)
at com.MyBatchProject.Utility.ConfigDataProvider.getBrowserNameFireFox(ConfigDataProvider.java:22)
at com.MyBatchProject.Utility.ConfigDataProvider.getBrowserNameFireFox(ConfigDataProvider.java:22)
at com.MyBatchProject.Utility.ConfigDataProvider.getBrowserNameFireFox(ConfigDataProvider.java:22)
at com.MyBatchProject.Utility.ConfigDataProvider.getBrowserNameFireFox(ConfigDataProvider.java:22)
at com.MyBatchProject.Utility.ConfigDataProvider.getBrowserNameFireFox(ConfigDataProvider.java:22)
at com.MyBatchProject.Utility.ConfigDataProvider.getBrowserNameFireFox(ConfigDataProvider.java:22)
at com.MyBatchProject.Utility.ConfigDataProvider.getBrowserNameFireFox(ConfigDataProvider.java:22)
at com.MyBatchProject.Utility.ConfigDataProvider.getBrowserNameFireFox(ConfigDataProvider.java:22)
at com.MyBatchProject.Utility.ConfigDataProvider.getBrowserNameFireFox(ConfigDataProvider.java:22)
at com.MyBatchProject.Utility.ConfigDataProvider.getBrowserNameFireFox(ConfigDataProvider.java:22)
at com.MyBatchProject.Utility.ConfigDataProvider.getBrowserNameFireFox(ConfigDataProvider.java:22)
at com.MyBatchProject.Utility.ConfigDataProvider.getBrowserNameFireFox(ConfigDataProvider.java:22)
at com.MyBatchProject.Utility.ConfigDataProvider.getBrowserNameFireFox(ConfigDataProvider.java:22)
at com.MyBatchProject.Utility.ConfigDataProvider.getBrowserNameFireFox(ConfigDataProvider.java:22)
at com.MyBatchProject.Utility.ConfigDataProvider.getBrowserNameFireFox(ConfigDataProvider.java:22)
at com.MyBatchProject.Utility.ConfigDataProvider.getBrowserNameFireFox(ConfigDataProvider.java:22)
at com.MyBatchProject.Utility.ConfigDataProvider.getBrowserNameFireFox(ConfigDataProvider.java:22)
at com.MyBatchProject.Utility.ConfigDataProvider.getBrowserNameFireFox(ConfigDataProvider.java:22)
at com.MyBatchProject.Utility.ConfigDataProvider.getBrowserNameFireFox(ConfigDataProvider.java:22)
at com.MyBatchProject.Utility.ConfigDataProvider.getBrowserNameFireFox(ConfigDataProvider.java:22)
at com.MyBatchProject.Utility.ConfigDataProvider.getBrowserNameFireFox(ConfigDataProvider.java:22)
at com.MyBatchProject.Utility.ConfigDataProvider.getBrowserNameFireFox(ConfigDataProvider.java:22)
at com.MyBatchProject.Utility.ConfigDataProvider.getBrowserNameFireFox(ConfigDataProvider.java:22)
at com.MyBatchProject.Utility.ConfigDataProvider.getBrowserNameFireFox(ConfigDataProvider.java:22)
at com.MyBatchProject.Utility.ConfigDataProvider.getBrowserNameFireFox(ConfigDataProvider.java:22)
at com.MyBatchProject.Utility.ConfigDataProvider.getBrowserNameFireFox(ConfigDataProvider.java:22)
at com.MyBatchProject.Utility.ConfigDataProvider.getBrowserNameFireFox(ConfigDataProvider.java:22)
at com.MyBatchProject.Utility.ConfigDataProvider.getBrowserNameFireFox(ConfigDataProvider.java:22)
at com.MyBatchProject.Utility.ConfigDataProvider.getBrowserNameFireFox(ConfigDataProvider.java:22)
at com.MyBatchProject.Utility.ConfigDataProvider.getBrowserNameFireFox(ConfigDataProvider.java:22)
at com.MyBatchProject.Utility.ConfigDataProvider.getBrowserNameFireFox(ConfigDataProvider.java:22)
at com.MyBatchProject.Utility.ConfigDataProvider.getBrowserNameFireFox(ConfigDataProvider.java:22)
at com.MyBatchProject.Utility.ConfigDataProvider.getBrowserNameFireFox(ConfigDataProvider.java:22)
at com.MyBatchProject.Utility.ConfigDataProvider.getBrowserNameFireFox(ConfigDataProvider.java:22)
at com.MyBatchProject.Utility.ConfigDataProvider.getBrowserNameFireFox(ConfigDataProvider.java:22)
at com.MyBatchProject.Utility.ConfigDataProvider.getBrowserNameFireFox(ConfigDataProvider.java:22)
at com.MyBatchProject.Utility.ConfigDataProvider.getBrowserNameFireFox(ConfigDataProvider.java:22)
at com.MyBatchProject.Utility.ConfigDataProvider.getBrowserNameFireFox(ConfigDataProvider.java:22)
at com.MyBatchProject.Utility.ConfigDataProvider.getBrowserNameFireFox(ConfigDataProvider.java:22)
at com.MyBatchProject.Utility.ConfigDataProvider.getBrowserNameFireFox(ConfigDataProvider.java:22)
at com.MyBatchProject.Utility.ConfigDataProvider.getBrowserNameFireFox(ConfigDataProvider.java:22)
at com.MyBatchProject.Utility.ConfigDataProvider.getBrowserNameFireFox(ConfigDataProvider.java:22)
at com.MyBatchProject.Utility.ConfigDataProvider.getBrowserNameFireFox(ConfigDataProvider.java:22)
at com.MyBatchProject.Utility.ConfigDataProvider.getBrowserNameFireFox(ConfigDataProvider.java:22)
at com.MyBatchProject.Utility.ConfigDataProvider.getBrowserNameFireFox(ConfigDataProvider.java:22)
at com.MyBatchProject.Utility.ConfigDataProvider.getBrowserNameFireFox(ConfigDataProvider.java:22)
at com.MyBatchProject.Utility.ConfigDataProvider.getBrowserNameFireFox(ConfigDataProvider.java:22)
at com.MyBatchProject.Utility.ConfigDataProvider.getBrowserNameFireFox(ConfigDataProvider.java:22)
at com.MyBatchProject.Utility.ConfigDataProvider.getBrowserNameFireFox(ConfigDataProvider.java:22)
at com.MyBatchProject.Utility.ConfigDataProvider.getBrowserNameFireFox(ConfigDataProvider.java:22)
at com.MyBatchProject.Utility.ConfigDataProvider.getBrowserNameFireFox(ConfigDataProvider.java:22)
at com.MyBatchProject.Utility.ConfigDataProvider.getBrowserNameFireFox(ConfigDataProvider.java:22)
at com.MyBatchProject.Utility.ConfigDataProvider.getBrowserNameFireFox(ConfigDataProvider.java:22)
at com.MyBatchProject.Utility.ConfigDataProvider.getBrowserNameFireFox(ConfigDataProvider.java:22)
at com.MyBatchProject.Utility.ConfigDataProvider.getBrowserNameFireFox(ConfigDataProvider.java:22)
at com.MyBatchProject.Utility.ConfigDataProvider.getBrowserNameFireFox(ConfigDataProvider.java:22)
at com.MyBatchProject.Utility.ConfigDataProvider.getBrowserNameFireFox(ConfigDataProvider.java:22)
at com.MyBatchProject.Utility.ConfigDataProvider.getBrowserNameFireFox(ConfigDataProvider.java:22)
at com.MyBatchProject.Utility.ConfigDataProvider.getBrowserNameFireFox(ConfigDataProvider.java:22)
at com.MyBatchProject.Utility.ConfigDataProvider.getBrowserNameFireFox(ConfigDataProvider.java:22)
at com.MyBatchProject.Utility.ConfigDataProvider.getBrowserNameFireFox(ConfigDataProvider.java:22)
at com.MyBatchProject.Utility.ConfigDataProvider.getBrowserNameFireFox(ConfigDataProvider.java:22)
at com.MyBatchProject.Utility.ConfigDataProvider.getBrowserNameFireFox(ConfigDataProvider.java:22)
at com.MyBatchProject.Utility.ConfigDataProvider.getBrowserNameFireFox(ConfigDataProvider.java:22)
at com.MyBatchProject.Utility.ConfigDataProvider.getBrowserNameFireFox(ConfigDataProvider.java:22)
at com.MyBatchProject.Utility.ConfigDataProvider.getBrowserNameFireFox(ConfigDataProvider.java:22)
at com.MyBatchProject.Utility.ConfigDataProvider.getBrowserNameFireFox(ConfigDataProvider.java:22)
at com.MyBatchProject.Utility.ConfigDataProvider.getBrowserNameFireFox(ConfigDataProvider.java:22)
at com.MyBatchProject.Utility.ConfigDataProvider.getBrowserNameFireFox(ConfigDataProvider.java:22)
at com.MyBatchProject.Utility.ConfigDataProvider.getBrowserNameFireFox(ConfigDataProvider.java:22)
at com.MyBatchProject.Utility.ConfigDataProvider.getBrowserNameFireFox(ConfigDataProvider.java:22)
at com.MyBatchProject.Utility.ConfigDataProvider.getBrowserNameFireFox(ConfigDataProvider.java:22)
at com.MyBatchProject.Utility.ConfigDataProvider.getBrowserNameFireFox(ConfigDataProvider.java:22)
at com.MyBatchProject.Utility.ConfigDataProvider.getBrowserNameFireFox(ConfigDataProvider.java:22)
at com.MyBatchProject.Utility.ConfigDataProvider.getBrowserNameFireFox(ConfigDataProvider.java:22)
at com.MyBatchProject.Utility.ConfigDataProvider.getBrowserNameFireFox(ConfigDataProvider.java:22)
at com.MyBatchProject.Utility.ConfigDataProvider.getBrowserNameFireFox(ConfigDataProvider.java:22)
at com.MyBatchProject.Utility.ConfigDataProvider.getBrowserNameFireFox(ConfigDataProvider.java:22)
at com.MyBatchProject.Utility.ConfigDataProvider.getBrowserNameFireFox(ConfigDataProvider.java:22)
at com.MyBatchProject.Utility.ConfigDataProvider.getBrowserNameFireFox(ConfigDataProvider.java:22)
at com.MyBatchProject.Utility.ConfigDataProvider.getBrowserNameFireFox(ConfigDataProvider.java:22)
at com.MyBatchProject.Utility.ConfigDataProvider.getBrowserNameFireFox(ConfigDataProvider.java:22)
at com.MyBatchProject.Utility.ConfigDataProvider.getBrowserNameFireFox(ConfigDataProvider.java:22)
at com.MyBatchProject.Utility.ConfigDataProvider.getBrowserNameFireFox(ConfigDataProvider.java:22)
at com.MyBatchProject.Utility.ConfigDataProvider.getBrowserNameFireFox(ConfigDataProvider.java:22)
at com.MyBatchProject.Utility.ConfigDataProvider.getBrowserNameFireFox(ConfigDataProvider.java:22)
at com.MyBatchProject.Utility.ConfigDataProvider.getBrowserNameFireFox(ConfigDataProvider.java:22)
at com.MyBatchProject.Utility.ConfigDataProvider.getBrowserNameFireFox(ConfigDataProvider.java:22)
at com.MyBatchProject.Utility.ConfigDataProvider.getBrowserNameFireFox(ConfigDataProvider.java:22)
at com.MyBatchProject.Utility.ConfigDataProvider.getBrowserNameFireFox(ConfigDataProvider.java:22)
at com.MyBatchProject.Utility.ConfigDataProvider.getBrowserNameFireFox(ConfigDataProvider.java:22)
at com.MyBatchProject.Utility.ConfigDataProvider.getBrowserNameFireFox(ConfigDataProvider.java:22)
at com.MyBatchProject.Utility.ConfigDataProvider.getBrowserNameFireFox(ConfigDataProvider.java:22)
at com.MyBatchProject.Utility.ConfigDataProvider.getBrowserNameFireFox(ConfigDataProvider.java:22)
at com.MyBatchProject.Utility.ConfigDataProvider.getBrowserNameFireFox(ConfigDataProvider.java:22)
at com.MyBatchProject.Utility.ConfigDataProvider.getBrowserNameFireFox(ConfigDataProvider.java:22)
at com.MyBatchProject.Utility.ConfigDataProvider.getBrowserNameFireFox(ConfigDataProvider.java:22)
at com.MyBatchProject.Utility.ConfigDataProvider.getBrowserNameFireFox(ConfigDataProvider.java:22)
at com.MyBatchProject.Utility.ConfigDataProvider.getBrowserNameFireFox(ConfigDataProvider.java:22)
at com.MyBatchProject.Utility.ConfigDataProvider.getBrowserNameFireFox(ConfigDataProvider.java:22)
at com.MyBatchProject.Utility.ConfigDataProvider.getBrowserNameFireFox(ConfigDataProvider.java:22)
at com.MyBatchProject.Utility.ConfigDataProvider.getBrowserNameFireFox(ConfigDataProvider.java:22)
at com.MyBatchProject.Utility.ConfigDataProvider.getBrowserNameFireFox(ConfigDataProvider.java:22)
at com.MyBatchProject.Utility.ConfigDataProvider.getBrowserNameFireFox(ConfigDataProvider.java:22)
at com.MyBatchProject.Utility.ConfigDataProvider.getBrowserNameFireFox(ConfigDataProvider.java:22)
at com.MyBatchProject.Utility.ConfigDataProvider.getBrowserNameFireFox(ConfigDataProvider.java:22)
at com.MyBatchProject.Utility.ConfigDataProvider.getBrowserNameFireFox(ConfigDataProvider.java:22)
at com.MyBatchProject.Utility.ConfigDataProvider.getBrowserNameFireFox(ConfigDataProvider.java:22)
at com.MyBatchProject.Utility.ConfigDataProvider.getBrowserNameFireFox(ConfigDataProvider.java:22)
at com.MyBatchProject.Utility.ConfigDataProvider.getBrowserNameFireFox(ConfigDataProvider.java:22)
at com.MyBatchProject.Utility.ConfigDataProvider.getBrowserNameFireFox(ConfigDataProvider.java:22)
at com.MyBatchProject.Utility.ConfigDataProvider.getBrowserNameFireFox(ConfigDataProvider.java:22)
at com.MyBatchProject.Utility.ConfigDataProvider.getBrowserNameFireFox(ConfigDataProvider.java:22)
at com.MyBatchProject.Utility.ConfigDataProvider.getBrowserNameFireFox(ConfigDataProvider.java:22)
at com.MyBatchProject.Utility.ConfigDataProvider.getBrowserNameFireFox(ConfigDataProvider.java:22)
at com.MyBatchProject.Utility.ConfigDataProvider.getBrowserNameFireFox(ConfigDataProvider.java:22)
at com.MyBatchProject.Utility.ConfigDataProvider.getBrowserNameFireFox(ConfigDataProvider.java:22)
at com.MyBatchProject.Utility.ConfigDataProvider.getBrowserNameFireFox(ConfigDataProvider.java:22)
at com.MyBatchProject.Utility.ConfigDataProvider.getBrowserNameFireFox(ConfigDataProvider.java:22)
at com.MyBatchProject.Utility.ConfigDataProvider.getBrowserNameFireFox(ConfigDataProvider.java:22)
at com.MyBatchProject.Utility.ConfigDataProvider.getBrowserNameFireFox(ConfigDataProvider.java:22)
at com.MyBatchProject.Utility.ConfigDataProvider.getBrowserNameFireFox(ConfigDataProvider.java:22)
at com.MyBatchProject.Utility.ConfigDataProvider.getBrowserNameFireFox(ConfigDataProvider.java:22)
at com.MyBatchProject.Utility.ConfigDataProvider.getBrowserNameFireFox(ConfigDataProvider.java:22)
at com.MyBatchProject.Utility.ConfigDataProvider.getBrowserNameFireFox(ConfigDataProvider.java:22)
at com.MyBatchProject.Utility.ConfigDataProvider.getBrowserNameFireFox(ConfigDataProvider.java:22)
at com.MyBatchProject.Utility.ConfigDataProvider.getBrowserNameFireFox(ConfigDataProvider.java:22)
at com.MyBatchProject.Utility.ConfigDataProvider.getBrowserNameFireFox(ConfigDataProvider.java:22)
at com.MyBatchProject.Utility.ConfigDataProvider.getBrowserNameFireFox(ConfigDataProvider.java:22)
at com.MyBatchProject.Utility.ConfigDataProvider.getBrowserNameFireFox(ConfigDataProvider.java:22)
at com.MyBatchProject.Utility.ConfigDataProvider.getBrowserNameFireFox(ConfigDataProvider.java:22)
at com.MyBatchProject.Utility.ConfigDataProvider.getBrowserNameFireFox(ConfigDataProvider.java:22)
at com.MyBatchProject.Utility.ConfigDataProvider.getBrowserNameFireFox(ConfigDataProvider.java:22)
at com.MyBatchProject.Utility.ConfigDataProvider.getBrowserNameFireFox(ConfigDataProvider.java:22)
at com.MyBatchProject.Utility.ConfigDataProvider.getBrowserNameFireFox(ConfigDataProvider.java:22)
at com.MyBatchProject.Utility.ConfigDataProvider.getBrowserNameFireFox(ConfigDataProvider.java:22)
at com.MyBatchProject.Utility.ConfigDataProvider.getBrowserNameFireFox(ConfigDataProvider.java:22)
at com.MyBatchProject.Utility.ConfigDataProvider.getBrowserNameFireFox(ConfigDataProvider.java:22)
at com.MyBatchProject.Utility.ConfigDataProvider.getBrowserNameFireFox(ConfigDataProvider.java:22)
at com.MyBatchProject.Utility.ConfigDataProvider.getBrowserNameFireFox(ConfigDataProvider.java:22)
at com.MyBatchProject.Utility.ConfigDataProvider.getBrowserNameFireFox(ConfigDataProvider.java:22)
at com.MyBatchProject.Utility.ConfigDataProvider.getBrowserNameFireFox(ConfigDataProvider.java:22)
at com.MyBatchProject.Utility.ConfigDataProvider.getBrowserNameFireFox(ConfigDataProvider.java:22)
at com.MyBatchProject.Utility.ConfigDataProvider.getBrowserNameFireFox(ConfigDataProvider.java:22)
at com.MyBatchProject.Utility.ConfigDataProvider.getBrowserNameFireFox(ConfigDataProvider.java:22)
at com.MyBatchProject.Utility.ConfigDataProvider.getBrowserNameFireFox(ConfigDataProvider.java:22)
at com.MyBatchProject.Utility.ConfigDataProvider.getBrowserNameFireFox(ConfigDataProvider.java:22)
at com.MyBatchProject.Utility.ConfigDataProvider.getBrowserNameFireFox(ConfigDataProvider.java:22)
at com.MyBatchProject.Utility.ConfigDataProvider.getBrowserNameFireFox(ConfigDataProvider.java:22)
at com.MyBatchProject.Utility.ConfigDataProvider.getBrowserNameFireFox(ConfigDataProvider.java:22)
at com.MyBatchProject.Utility.ConfigDataProvider.getBrowserNameFireFox(ConfigDataProvider.java:22)
at com.MyBatchProject.Utility.ConfigDataProvider.getBrowserNameFireFox(ConfigDataProvider.java:22)
at com.MyBatchProject.Utility.ConfigDataProvider.getBrowserNameFireFox(ConfigDataProvider.java:22)
at com.MyBatchProject.Utility.ConfigDataProvider.getBrowserNameFireFox(ConfigDataProvider.java:22)
at com.MyBatchProject.Utility.ConfigDataProvider.getBrowserNameFireFox(ConfigDataProvider.java:22)
at com.MyBatchProject.Utility.ConfigDataProvider.getBrowserNameFireFox(ConfigDataProvider.java:22)
at com.MyBatchProject.Utility.ConfigDataProvider.getBrowserNameFireFox(ConfigDataProvider.java:22)
at com.MyBatchProject.Utility.ConfigDataProvider.getBrowserNameFireFox(ConfigDataProvider.java:22)
at com.MyBatchProject.Utility.ConfigDataProvider.getBrowserNameFireFox(ConfigDataProvider.java:22)
at com.MyBatchProject.Utility.ConfigDataProvider.getBrowserNameFireFox(ConfigDataProvider.java:22)
at com.MyBatchProject.Utility.ConfigDataProvider.getBrowserNameFireFox(ConfigDataProvider.java:22)
at com.MyBatchProject.Utility.ConfigDataProvider.getBrowserNameFireFox(ConfigDataProvider.java:22)
at com.MyBatchProject.Utility.ConfigDataProvider.getBrowserNameFireFox(ConfigDataProvider.java:22)
at com.MyBatchProject.Utility.ConfigDataProvider.getBrowserNameFireFox(ConfigDataProvider.java:22)
at com.MyBatchProject.Utility.ConfigDataProvider.getBrowserNameFireFox(ConfigDataProvider.java:22)
at com.MyBatchProject.Utility.ConfigDataProvider.getBrowserNameFireFox(ConfigDataProvider.java:22)
at com.MyBatchProject.Utility.ConfigDataProvider.getBrowserNameFireFox(ConfigDataProvider.java:22)
at com.MyBatchProject.Utility.ConfigDataProvider.getBrowserNameFireFox(ConfigDataProvider.java:22)
at com.MyBatchProject.Utility.ConfigDataProvider.getBrowserNameFireFox(ConfigDataProvider.java:22)
at com.MyBatchProject.Utility.ConfigDataProvider.getBrowserNameFireFox(ConfigDataProvider.java:22)
at com.MyBatchProject.Utility.ConfigDataProvider.getBrowserNameFireFox(ConfigDataProvider.java:22)
at com.MyBatchProject.Utility.ConfigDataProvider.getBrowserNameFireFox(ConfigDataProvider.java:22)
at com.MyBatchProject.Utility.ConfigDataProvider.getBrowserNameFireFox(ConfigDataProvider.java:22)
at com.MyBatchProject.Utility.ConfigDataProvider.getBrowserNameFireFox(ConfigDataProvider.java:22)
at com.MyBatchProject.Utility.ConfigDataProvider.getBrowserNameFireFox(ConfigDataProvider.java:22)
at com.MyBatchProject.Utility.ConfigDataProvider.getBrowserNameFireFox(ConfigDataProvider.java:22)
at com.MyBatchProject.Utility.ConfigDataProvider.getBrowserNameFireFox(ConfigDataProvider.java:22)
at com.MyBatchProject.Utility.ConfigDataProvider.getBrowserNameFireFox(ConfigDataProvider.java:22)
at com.MyBatchProject.Utility.ConfigDataProvider.getBrowserNameFireFox(ConfigDataProvider.java:22)
at com.MyBatchProject.Utility.ConfigDataProvider.getBrowserNameFireFox(ConfigDataProvider.java:22)
at com.MyBatchProject.Utility.ConfigDataProvider.getBrowserNameFireFox(ConfigDataProvider.java:22)
at com.MyBatchProject.Utility.ConfigDataProvider.getBrowserNameFireFox(ConfigDataProvider.java:22)
at com.MyBatchProject.Utility.ConfigDataProvider.getBrowserNameFireFox(ConfigDataProvider.java:22)
at com.MyBatchProject.Utility.ConfigDataProvider.getBrowserNameFireFox(ConfigDataProvider.java:22)
at com.MyBatchProject.Utility.ConfigDataProvider.getBrowserNameFireFox(ConfigDataProvider.java:22)
at com.MyBatchProject.Utility.ConfigDataProvider.getBrowserNameFireFox(ConfigDataProvider.java:22)
at com.MyBatchProject.Utility.ConfigDataProvider.getBrowserNameFireFox(ConfigDataProvider.java:22)
at com.MyBatchProject.Utility.ConfigDataProvider.getBrowserNameFireFox(ConfigDataProvider.java:22)
at com.MyBatchProject.Utility.ConfigDataProvider.getBrowserNameFireFox(ConfigDataProvider.java:22)
at com.MyBatchProject.Utility.ConfigDataProvider.getBrowserNameFireFox(ConfigDataProvider.java:22)
at com.MyBatchProject.Utility.ConfigDataProvider.getBrowserNameFireFox(ConfigDataProvider.java:22)
at com.MyBatchProject.Utility.ConfigDataProvider.getBrowserNameFireFox(ConfigDataProvider.java:22)
at com.MyBatchProject.Utility.ConfigDataProvider.getBrowserNameFireFox(ConfigDataProvider.java:22)
at com.MyBatchProject.Utility.ConfigDataProvider.getBrowserNameFireFox(ConfigDataProvider.java:22)
at com.MyBatchProject.Utility.ConfigDataProvider.getBrowserNameFireFox(ConfigDataProvider.java:22)
at com.MyBatchProject.Utility.ConfigDataProvider.getBrowserNameFireFox(ConfigDataProvider.java:22)
at com.MyBatchProject.Utility.ConfigDataProvider.getBrowserNameFireFox(ConfigDataProvider.java:22)
at com.MyBatchProject.Utility.ConfigDataProvider.getBrowserNameFireFox(ConfigDataProvider.java:22)
at com.MyBatchProject.Utility.ConfigDataProvider.getBrowserNameFireFox(ConfigDataProvider.java:22)
at com.MyBatchProject.Utility.ConfigDataProvider.getBrowserNameFireFox(ConfigDataProvider.java:22)
at com.MyBatchProject.Utility.ConfigDataProvider.getBrowserNameFireFox(ConfigDataProvider.java:22)
at com.MyBatchProject.Utility.ConfigDataProvider.getBrowserNameFireFox(ConfigDataProvider.java:22)
at com.MyBatchProject.Utility.ConfigDataProvider.getBrowserNameFireFox(ConfigDataProvider.java:22)
at com.MyBatchProject.Utility.ConfigDataProvider.getBrowserNameFireFox(ConfigDataProvider.java:22)
at com.MyBatchProject.Utility.ConfigDataProvider.getBrowserNameFireFox(ConfigDataProvider.java:22)
at com.MyBatchProject.Utility.ConfigDataProvider.getBrowserNameFireFox(ConfigDataProvider.java:22)
at com.MyBatchProject.Utility.ConfigDataProvider.getBrowserNameFireFox(ConfigDataProvider.java:22)
at com.MyBatchProject.Utility.ConfigDataProvider.getBrowserNameFireFox(ConfigDataProvider.java:22)
at com.MyBatchProject.Utility.ConfigDataProvider.getBrowserNameFireFox(ConfigDataProvider.java:22)
at com.MyBatchProject.Utility.ConfigDataProvider.getBrowserNameFireFox(ConfigDataProvider.java:22)
at com.MyBatchProject.Utility.ConfigDataProvider.getBrowserNameFireFox(ConfigDataProvider.java:22)
at com.MyBatchProject.Utility.ConfigDataProvider.getBrowserNameFireFox(ConfigDataProvider.java:22)
at com.MyBatchProject.Utility.ConfigDataProvider.getBrowserNameFireFox(ConfigDataProvider.java:22)
at com.MyBatchProject.Utility.ConfigDataProvider.getBrowserNameFireFox(ConfigDataProvider.java:22)
at com.MyBatchProject.Utility.ConfigDataProvider.getBrowserNameFireFox(ConfigDataProvider.java:22)
at com.MyBatchProject.Utility.ConfigDataProvider.getBrowserNameFireFox(ConfigDataProvider.java:22)
at com.MyBatchProject.Utility.ConfigDataProvider.getBrowserNameFireFox(ConfigDataProvider.java:22)
at com.MyBatchProject.Utility.ConfigDataProvider.getBrowserNameFireFox(ConfigDataProvider.java:22)
at com.MyBatchProject.Utility.ConfigDataProvider.getBrowserNameFireFox(ConfigDataProvider.java:22)
at com.MyBatchProject.Utility.ConfigDataProvider.getBrowserNameFireFox(ConfigDataProvider.java:22)
at com.MyBatchProject.Utility.ConfigDataProvider.getBrowserNameFireFox(ConfigDataProvider.java:22)
at com.MyBatchProject.Utility.ConfigDataProvider.getBrowserNameFireFox(ConfigDataProvider.java:22)
at com.MyBatchProject.Utility.ConfigDataProvider.getBrowserNameFireFox(ConfigDataProvider.java:22)
at com.MyBatchProject.Utility.ConfigDataProvider.getBrowserNameFireFox(ConfigDataProvider.java:22)
at com.MyBatchProject.Utility.ConfigDataProvider.getBrowserNameFireFox(ConfigDataProvider.java:22)
at com.MyBatchProject.Utility.ConfigDataProvider.getBrowserNameFireFox(ConfigDataProvider.java:22)
at com.MyBatchProject.Utility.ConfigDataProvider.getBrowserNameFireFox(ConfigDataProvider.java:22)
at com.MyBatchProject.Utility.ConfigDataProvider.getBrowserNameFireFox(ConfigDataProvider.java:22)
at com.MyBatchProject.Utility.ConfigDataProvider.getBrowserNameFireFox(ConfigDataProvider.java:22)
at com.MyBatchProject.Utility.ConfigDataProvider.getBrowserNameFireFox(ConfigDataProvider.java:22)
at com.MyBatchProject.Utility.ConfigDataProvider.getBrowserNameFireFox(ConfigDataProvider.java:22)
at com.MyBatchProject.Utility.ConfigDataProvider.getBrowserNameFireFox(ConfigDataProvider.java:22)
at com.MyBatchProject.Utility.ConfigDataProvider.getBrowserNameFireFox(ConfigDataProvider.java:22)
at com.MyBatchProject.Utility.ConfigDataProvider.getBrowserNameFireFox(ConfigDataProvider.java:22)
at com.MyBatchProject.Utility.ConfigDataProvider.getBrowserNameFireFox(ConfigDataProvider.java:22)
at com.MyBatchProject.Utility.ConfigDataProvider.getBrowserNameFireFox(ConfigDataProvider.java:22)
at com.MyBatchProject.Utility.ConfigDataProvider.getBrowserNameFireFox(ConfigDataProvider.java:22)
at com.MyBatchProject.Utility.ConfigDataProvider.getBrowserNameFireFox(ConfigDataProvider.java:22)
at com.MyBatchProject.Utility.ConfigDataProvider.getBrowserNameFireFox(ConfigDataProvider.java:22)
at com.MyBatchProject.Utility.ConfigDataProvider.getBrowserNameFireFox(ConfigDataProvider.java:22)
at com.MyBatchProject.Utility.ConfigDataProvider.getBrowserNameFireFox(ConfigDataProvider.java:22)
at com.MyBatchProject.Utility.ConfigDataProvider.getBrowserNameFireFox(ConfigDataProvider.java:22)
at com.MyBatchProject.Utility.ConfigDataProvider.getBrowserNameFireFox(ConfigDataProvider.java:22)
at com.MyBatchProject.Utility.ConfigDataProvider.getBrowserNameFireFox(ConfigDataProvider.java:22)
at com.MyBatchProject.Utility.ConfigDataProvider.getBrowserNameFireFox(ConfigDataProvider.java:22)
at com.MyBatchProject.Utility.ConfigDataProvider.getBrowserNameFireFox(ConfigDataProvider.java:22)
at com.MyBatchProject.Utility.ConfigDataProvider.getBrowserNameFireFox(ConfigDataProvider.java:22)
at com.MyBatchProject.Utility.ConfigDataProvider.getBrowserNameFireFox(ConfigDataProvider.java:22)
at com.MyBatchProject.Utility.ConfigDataProvider.getBrowserNameFireFox(ConfigDataProvider.java:22)
at com.MyBatchProject.Utility.ConfigDataProvider.getBrowserNameFireFox(ConfigDataProvider.java:22)
at com.MyBatchProject.Utility.ConfigDataProvider.getBrowserNameFireFox(ConfigDataProvider.java:22)
at com.MyBatchProject.Utility.ConfigDataProvider.getBrowserNameFireFox(ConfigDataProvider.java:22)
at com.MyBatchProject.Utility.ConfigDataProvider.getBrowserNameFireFox(ConfigDataProvider.java:22)
at com.MyBatchProject.Utility.ConfigDataProvider.getBrowserNameFireFox(ConfigDataProvider.java:22)
at com.MyBatchProject.Utility.ConfigDataProvider.getBrowserNameFireFox(ConfigDataProvider.java:22)
at com.MyBatchProject.Utility.ConfigDataProvider.getBrowserNameFireFox(ConfigDataProvider.java:22)
at com.MyBatchProject.Utility.ConfigDataProvider.getBrowserNameFireFox(ConfigDataProvider.java:22)
at com.MyBatchProject.Utility.ConfigDataProvider.getBrowserNameFireFox(ConfigDataProvider.java:22)
at com.MyBatchProject.Utility.ConfigDataProvider.getBrowserNameFireFox(ConfigDataProvider.java:22)
at com.MyBatchProject.Utility.ConfigDataProvider.getBrowserNameFireFox(ConfigDataProvider.java:22)
at com.MyBatchProject.Utility.ConfigDataProvider.getBrowserNameFireFox(ConfigDataProvider.java:22)
at com.MyBatchProject.Utility.ConfigDataProvider.getBrowserNameFireFox(ConfigDataProvider.java:22)
at com.MyBatchProject.Utility.ConfigDataProvider.getBrowserNameFireFox(ConfigDataProvider.java:22)
at com.MyBatchProject.Utility.ConfigDataProvider.getBrowserNameFireFox(ConfigDataProvider.java:22)
at com.MyBatchProject.Utility.ConfigDataProvider.getBrowserNameFireFox(ConfigDataProvider.java:22)
at com.MyBatchProject.Utility.ConfigDataProvider.getBrowserNameFireFox(ConfigDataProvider.java:22)
at com.MyBatchProject.Utility.ConfigDataProvider.getBrowserNameFireFox(ConfigDataProvider.java:22)
at com.MyBatchProject.Utility.ConfigDataProvider.getBrowserNameFireFox(ConfigDataProvider.java:22)
at com.MyBatchProject.Utility.ConfigDataProvider.getBrowserNameFireFox(ConfigDataProvider.java:22)
at com.MyBatchProject.Utility.ConfigDataProvider.getBrowserNameFireFox(ConfigDataProvider.java:22)
at com.MyBatchProject.Utility.ConfigDataProvider.getBrowserNameFireFox(ConfigDataProvider.java:22)
at com.MyBatchProject.Utility.ConfigDataProvider.getBrowserNameFireFox(ConfigDataProvider.java:22)
at com.MyBatchProject.Utility.ConfigDataProvider.getBrowserNameFireFox(ConfigDataProvider.java:22)
at com.MyBatchProject.Utility.ConfigDataProvider.getBrowserNameFireFox(ConfigDataProvider.java:22)
at com.MyBatchProject.Utility.ConfigDataProvider.getBrowserNameFireFox(ConfigDataProvider.java:22)
at com.MyBatchProject.Utility.ConfigDataProvider.getBrowserNameFireFox(ConfigDataProvider.java:22)
at com.MyBatchProject.Utility.ConfigDataProvider.getBrowserNameFireFox(ConfigDataProvider.java:22)
at com.MyBatchProject.Utility.ConfigDataProvider.getBrowserNameFireFox(ConfigDataProvider.java:22)
at com.MyBatchProject.Utility.ConfigDataProvider.getBrowserNameFireFox(ConfigDataProvider.java:22)
at com.MyBatchProject.Utility.ConfigDataProvider.getBrowserNameFireFox(ConfigDataProvider.java:22)
at com.MyBatchProject.Utility.ConfigDataProvider.getBrowserNameFireFox(ConfigDataProvider.java:22)
at com.MyBatchProject.Utility.ConfigDataProvider.getBrowserNameFireFox(ConfigDataProvider.java:22)
at com.MyBatchProject.Utility.ConfigDataProvider.getBrowserNameFireFox(ConfigDataProvider.java:22)
at com.MyBatchProject.Utility.ConfigDataProvider.getBrowserNameFireFox(ConfigDataProvider.java:22)
at com.MyBatchProject.Utility.ConfigDataProvider.getBrowserNameFireFox(ConfigDataProvider.java:22)
at com.MyBatchProject.Utility.ConfigDataProvider.getBrowserNameFireFox(ConfigDataProvider.java:22)
at com.MyBatchProject.Utility.ConfigDataProvider.getBrowserNameFireFox(ConfigDataProvider.java:22)
at com.MyBatchProject.Utility.ConfigDataProvider.getBrowserNameFireFox(ConfigDataProvider.java:22)
at com.MyBatchProject.Utility.ConfigDataProvider.getBrowserNameFireFox(ConfigDataProvider.java:22)
at com.MyBatchProject.Utility.ConfigDataProvider.getBrowserNameFireFox(ConfigDataProvider.java:22)
at com.MyBatchProject.Utility.ConfigDataProvider.getBrowserNameFireFox(ConfigDataProvider.java:22)
at com.MyBatchProject.Utility.ConfigDataProvider.getBrowserNameFireFox(ConfigDataProvider.java:22)
at com.MyBatchProject.Utility.ConfigDataProvider.getBrowserNameFireFox(ConfigDataProvider.java:22)
at com.MyBatchProject.Utility.ConfigDataProvider.getBrowserNameFireFox(ConfigDataProvider.java:22)
at com.MyBatchProject.Utility.ConfigDataProvider.getBrowserNameFireFox(ConfigDataProvider.java:22)
at com.MyBatchProject.Utility.ConfigDataProvider.getBrowserNameFireFox(ConfigDataProvider.java:22)
at com.MyBatchProject.Utility.ConfigDataProvider.getBrowserNameFireFox(ConfigDataProvider.java:22)
at com.MyBatchProject.Utility.ConfigDataProvider.getBrowserNameFireFox(ConfigDataProvider.java:22)
at com.MyBatchProject.Utility.ConfigDataProvider.getBrowserNameFireFox(ConfigDataProvider.java:22)
at com.MyBatchProject.Utility.ConfigDataProvider.getBrowserNameFireFox(ConfigDataProvider.java:22)
at com.MyBatchProject.Utility.ConfigDataProvider.getBrowserNameFireFox(ConfigDataProvider.java:22)
at com.MyBatchProject.Utility.ConfigDataProvider.getBrowserNameFireFox(ConfigDataProvider.java:22)
at com.MyBatchProject.Utility.ConfigDataProvider.getBrowserNameFireFox(ConfigDataProvider.java:22)
at com.MyBatchProject.Utility.ConfigDataProvider.getBrowserNameFireFox(ConfigDataProvider.java:22)
at com.MyBatchProject.Utility.ConfigDataProvider.getBrowserNameFireFox(ConfigDataProvider.java:22)
at com.MyBatchProject.Utility.ConfigDataProvider.getBrowserNameFireFox(ConfigDataProvider.java:22)
at com.MyBatchProject.Utility.ConfigDataProvider.getBrowserNameFireFox(ConfigDataProvider.java:22)
at com.MyBatchProject.Utility.ConfigDataProvider.getBrowserNameFireFox(ConfigDataProvider.java:22)
at com.MyBatchProject.Utility.ConfigDataProvider.getBrowserNameFireFox(ConfigDataProvider.java:22)
at com.MyBatchProject.Utility.ConfigDataProvider.getBrowserNameFireFox(ConfigDataProvider.java:22)
at com.MyBatchProject.Utility.ConfigDataProvider.getBrowserNameFireFox(ConfigDataProvider.java:22)
at com.MyBatchProject.Utility.ConfigDataProvider.getBrowserNameFireFox(ConfigDataProvider.java:22)
at com.MyBatchProject.Utility.ConfigDataProvider.getBrowserNameFireFox(ConfigDataProvider.java:22)
at com.MyBatchProject.Utility.ConfigDataProvider.getBrowserNameFireFox(ConfigDataProvider.java:22)
at com.MyBatchProject.Utility.ConfigDataProvider.getBrowserNameFireFox(ConfigDataProvider.java:22)
at com.MyBatchProject.Utility.ConfigDataProvider.getBrowserNameFireFox(ConfigDataProvider.java:22)
at com.MyBatchProject.Utility.ConfigDataProvider.getBrowserNameFireFox(ConfigDataProvider.java:22)
at com.MyBatchProject.Utility.ConfigDataProvider.getBrowserNameFireFox(ConfigDataProvider.java:22)
at com.MyBatchProject.Utility.ConfigDataProvider.getBrowserNameFireFox(ConfigDataProvider.java:22)
at com.MyBatchProject.Utility.ConfigDataProvider.getBrowserNameFireFox(ConfigDataProvider.java:22)
at com.MyBatchProject.Utility.ConfigDataProvider.getBrowserNameFireFox(ConfigDataProvider.java:22)
at com.MyBatchProject.Utility.ConfigDataProvider.getBrowserNameFireFox(ConfigDataProvider.java:22)
at com.MyBatchProject.Utility.ConfigDataProvider.getBrowserNameFireFox(ConfigDataProvider.java:22)
at com.MyBatchProject.Utility.ConfigDataProvider.getBrowserNameFireFox(ConfigDataProvider.java:22)
at com.MyBatchProject.Utility.ConfigDataProvider.getBrowserNameFireFox(ConfigDataProvider.java:22)
at com.MyBatchProject.Utility.ConfigDataProvider.getBrowserNameFireFox(ConfigDataProvider.java:22)
at com.MyBatchProject.Utility.ConfigDataProvider.getBrowserNameFireFox(ConfigDataProvider.java:22)
at com.MyBatchProject.Utility.ConfigDataProvider.getBrowserNameFireFox(ConfigDataProvider.java:22)
at com.MyBatchProject.Utility.ConfigDataProvider.getBrowserNameFireFox(ConfigDataProvider.java:22)
at com.MyBatchProject.Utility.ConfigDataProvider.getBrowserNameFireFox(ConfigDataProvider.java:22)
at com.MyBatchProject.Utility.ConfigDataProvider.getBrowserNameFireFox(ConfigDataProvider.java:22)
at com.MyBatchProject.Utility.ConfigDataProvider.getBrowserNameFireFox(ConfigDataProvider.java:22)
at com.MyBatchProject.Utility.ConfigDataProvider.getBrowserNameFireFox(ConfigDataProvider.java:22)
at com.MyBatchProject.Utility.ConfigDataProvider.getBrowserNameFireFox(ConfigDataProvider.java:22)
at com.MyBatchProject.Utility.ConfigDataProvider.getBrowserNameFireFox(ConfigDataProvider.java:22)
at com.MyBatchProject.Utility.ConfigDataProvider.getBrowserNameFireFox(ConfigDataProvider.java:22)
at com.MyBatchProject.Utility.ConfigDataProvider.getBrowserNameFireFox(ConfigDataProvider.java:22)
at com.MyBatchProject.Utility.ConfigDataProvider.getBrowserNameFireFox(ConfigDataProvider.java:22)
at com.MyBatchProject.Utility.ConfigDataProvider.getBrowserNameFireFox(ConfigDataProvider.java:22)
at com.MyBatchProject.Utility.ConfigDataProvider.getBrowserNameFireFox(ConfigDataProvider.java:22)
at com.MyBatchProject.Utility.ConfigDataProvider.getBrowserNameFireFox(ConfigDataProvider.java:22)
at com.MyBatchProject.Utility.ConfigDataProvider.getBrowserNameFireFox(ConfigDataProvider.java:22)
at com.MyBatchProject.Utility.ConfigDataProvider.getBrowserNameFireFox(ConfigDataProvider.java:22)
at com.MyBatchProject.Utility.ConfigDataProvider.getBrowserNameFireFox(ConfigDataProvider.java:22)
at com.MyBatchProject.Utility.ConfigDataProvider.getBrowserNameFireFox(ConfigDataProvider.java:22)
at com.MyBatchProject.Utility.ConfigDataProvider.getBrowserNameFireFox(ConfigDataProvider.java:22)
at com.MyBatchProject.Utility.ConfigDataProvider.getBrowserNameFireFox(ConfigDataProvider.java:22)
at com.MyBatchProject.Utility.ConfigDataProvider.getBrowserNameFireFox(ConfigDataProvider.java:22)
at com.MyBatchProject.Utility.ConfigDataProvider.getBrowserNameFireFox(ConfigDataProvider.java:22)
at com.MyBatchProject.Utility.ConfigDataProvider.getBrowserNameFireFox(ConfigDataProvider.java:22)
at com.MyBatchProject.Utility.ConfigDataProvider.getBrowserNameFireFox(ConfigDataProvider.java:22)
at com.MyBatchProject.Utility.ConfigDataProvider.getBrowserNameFireFox(ConfigDataProvider.java:22)
at com.MyBatchProject.Utility.ConfigDataProvider.getBrowserNameFireFox(ConfigDataProvider.java:22)
at com.MyBatchProject.Utility.ConfigDataProvider.getBrowserNameFireFox(ConfigDataProvider.java:22)
at com.MyBatchProject.Utility.ConfigDataProvider.getBrowserNameFireFox(ConfigDataProvider.java:22)
at com.MyBatchProject.Utility.ConfigDataProvider.getBrowserNameFireFox(ConfigDataProvider.java:22)
at com.MyBatchProject.Utility.ConfigDataProvider.getBrowserNameFireFox(ConfigDataProvider.java:22)
at com.MyBatchProject.Utility.ConfigDataProvider.getBrowserNameFireFox(ConfigDataProvider.java:22)
at com.MyBatchProject.Utility.ConfigDataProvider.getBrowserNameFireFox(ConfigDataProvider.java:22)
at com.MyBatchProject.Utility.ConfigDataProvider.getBrowserNameFireFox(ConfigDataProvider.java:22)
at com.MyBatchProject.Utility.ConfigDataProvider.getBrowserNameFireFox(ConfigDataProvider.java:22)
at com.MyBatchProject.Utility.ConfigDataProvider.getBrowserNameFireFox(ConfigDataProvider.java:22)
at com.MyBatchProject.Utility.ConfigDataProvider.getBrowserNameFireFox(ConfigDataProvider.java:22)
at com.MyBatchProject.Utility.ConfigDataProvider.getBrowserNameFireFox(ConfigDataProvider.java:22)
at com.MyBatchProject.Utility.ConfigDataProvider.getBrowserNameFireFox(ConfigDataProvider.java:22)
at com.MyBatchProject.Utility.ConfigDataProvider.getBrowserNameFireFox(ConfigDataProvider.java:22)
at com.MyBatchProject.Utility.ConfigDataProvider.getBrowserNameFireFox(ConfigDataProvider.java:22)
at com.MyBatchProject.Utility.ConfigDataProvider.getBrowserNameFireFox(ConfigDataProvider.java:22)
at com.MyBatchProject.Utility.ConfigDataProvider.getBrowserNameFireFox(ConfigDataProvider.java:22)
at com.MyBatchProject.Utility.ConfigDataProvider.getBrowserNameFireFox(ConfigDataProvider.java:22)
at com.MyBatchProject.Utility.ConfigDataProvider.getBrowserNameFireFox(ConfigDataProvider.java:22)
at com.MyBatchProject.Utility.ConfigDataProvider.getBrowserNameFireFox(ConfigDataProvider.java:22)
at com.MyBatchProject.Utility.ConfigDataProvider.getBrowserNameFireFox(ConfigDataProvider.java:22)
at com.MyBatchProject.Utility.ConfigDataProvider.getBrowserNameFireFox(ConfigDataProvider.java:22)
at com.MyBatchProject.Utility.ConfigDataProvider.getBrowserNameFireFox(ConfigDataProvider.java:22)
at com.MyBatchProject.Utility.ConfigDataProvider.getBrowserNameFireFox(ConfigDataProvider.java:22)
at com.MyBatchProject.Utility.ConfigDataProvider.getBrowserNameFireFox(ConfigDataProvider.java:22)
at com.MyBatchProject.Utility.ConfigDataProvider.getBrowserNameFireFox(ConfigDataProvider.java:22)
at com.MyBatchProject.Utility.ConfigDataProvider.getBrowserNameFireFox(ConfigDataProvider.java:22)
at com.MyBatchProject.Utility.ConfigDataProvider.getBrowserNameFireFox(ConfigDataProvider.java:22)
at com.MyBatchProject.Utility.ConfigDataProvider.getBrowserNameFireFox(ConfigDataProvider.java:22)
at com.MyBatchProject.Utility.ConfigDataProvider.getBrowserNameFireFox(ConfigDataProvider.java:22)
at com.MyBatchProject.Utility.ConfigDataProvider.getBrowserNameFireFox(ConfigDataProvider.java:22)
at com.MyBatchProject.Utility.ConfigDataProvider.getBrowserNameFireFox(ConfigDataProvider.java:22)
at com.MyBatchProject.Utility.ConfigDataProvider.getBrowserNameFireFox(ConfigDataProvider.java:22)
at com.MyBatchProject.Utility.ConfigDataProvider.getBrowserNameFireFox(ConfigDataProvider.java:22)
at com.MyBatchProject.Utility.ConfigDataProvider.getBrowserNameFireFox(ConfigDataProvider.java:22)
at com.MyBatchProject.Utility.ConfigDataProvider.getBrowserNameFireFox(ConfigDataProvider.java:22)
at com.MyBatchProject.Utility.ConfigDataProvider.getBrowserNameFireFox(ConfigDataProvider.java:22)
at com.MyBatchProject.Utility.ConfigDataProvider.getBrowserNameFireFox(ConfigDataProvider.java:22)
at com.MyBatchProject.Utility.ConfigDataProvider.getBrowserNameFireFox(ConfigDataProvider.java:22)
at com.MyBatchProject.Utility.ConfigDataProvider.getBrowserNameFireFox(ConfigDataProvider.java:22)
at com.MyBatchProject.Utility.ConfigDataProvider.getBrowserNameFireFox(ConfigDataProvider.java:22)
at com.MyBatchProject.Utility.ConfigDataProvider.getBrowserNameFireFox(ConfigDataProvider.java:22)
at com.MyBatchProject.Utility.ConfigDataProvider.getBrowserNameFireFox(ConfigDataProvider.java:22)
at com.MyBatchProject.Utility.ConfigDataProvider.getBrowserNameFireFox(ConfigDataProvider.java:22)
at com.MyBatchProject.Utility.ConfigDataProvider.getBrowserNameFireFox(ConfigDataProvider.java:22)
at com.MyBatchProject.Utility.ConfigDataProvider.getBrowserNameFireFox(ConfigDataProvider.java:22)
at com.MyBatchProject.Utility.ConfigDataProvider.getBrowserNameFireFox(ConfigDataProvider.java:22)
at com.MyBatchProject.Utility.ConfigDataProvider.getBrowserNameFireFox(ConfigDataProvider.java:22)
at com.MyBatchProject.Utility.ConfigDataProvider.getBrowserNameFireFox(ConfigDataProvider.java:22)
at com.MyBatchProject.Utility.ConfigDataProvider.getBrowserNameFireFox(ConfigDataProvider.java:22)
at com.MyBatchProject.Utility.ConfigDataProvider.getBrowserNameFireFox(ConfigDataProvider.java:22)
[...]
at com.MyBatchProject.Utility.ConfigDataProvider.getBrowserNameFireFox(ConfigDataProvider.java:22)
at com.MyBatchProject.Utility.ConfigDataProvider.getBrowserNameFireFox(ConfigDataProvider.java:22)
at com.MyBatchProject.Utility.ConfigDataProvider.getBrowserNameFireFox(ConfigDataProvider.java:22)
at com.MyBatchProject.Utility.ConfigDataProvider.getBrowserNameFireFox(ConfigDataProvider.java:22)
at com.MyBatchProject.Utility.ConfigDataProvider.getBrowserNameFireFox(ConfigDataProvider.java:22)
at com.MyBatchProject.Utility.ConfigDataProvider.getBrowserNameFireFox(ConfigDataProvider.java:22)
at com.MyBatchProject.Utility.ConfigDataProvider.getBrowserNameFireFox(ConfigDataProvider.java:22)
at com.MyBatchProject.Utility.ConfigDataProvider.getBrowserNameFireFox(ConfigDataProvider.java:22)
at com.MyBatchProject.Utility.ConfigDataProvider.getBrowserNameFireFox(ConfigDataProvider.java:22)
at com.MyBatchProject.Utility.ConfigDataProvider.getBrowserNameFireFox(ConfigDataProvider.java:22)
at com.MyBatchProject.Utility.ConfigDataProvider.getBrowserNameFireFox(ConfigDataProvider.java:22)
at com.MyBatchProject.Utility.ConfigDataProvider.getBrowserNameFireFox(ConfigDataProvider.java:22)
at com.MyBatchProject.Utility.ConfigDataProvider.getBrowserNameFireFox(ConfigDataProvider.java:22)
at com.MyBatchProject.Utility.ConfigDataProvider.getBrowserNameFireFox(ConfigDataProvider.java:22)
at com.MyBatchProject.Utility.ConfigDataProvider.getBrowserNameFireFox(ConfigDataProvider.java:22)
at com.MyBatchProject.Utility.ConfigDataProvider.getBrowserNameFireFox(ConfigDataProvider.java:22)
at com.MyBatchProject.Utility.ConfigDataProvider.getBrowserNameFireFox(ConfigDataProvider.java:22)
at com.MyBatchProject.Utility.ConfigDataProvider.getBrowserNameFireFox(ConfigDataProvider.java:22)
at com.MyBatchProject.Utility.ConfigDataProvider.getBrowserNameFireFox(ConfigDataProvider.java:22)
at com.MyBatchProject.Utility.ConfigDataProvider.getBrowserNameFireFox(ConfigDataProvider.java:22)
at com.MyBatchProject.Utility.ConfigDataProvider.getBrowserNameFireFox(ConfigDataProvider.java:22)
at com.MyBatchProject.Utility.ConfigDataProvider.getBrowserNameFireFox(ConfigDataProvider.java:22)
at com.MyBatchProject.Utility.ConfigDataProvider.getBrowserNameFireFox(ConfigDataProvider.java:22)
at com.MyBatchProject.Utility.ConfigDataProvider.getBrowserNameFireFox(ConfigDataProvider.java:22)
at com.MyBatchProject.Utility.ConfigDataProvider.getBrowserNameFireFox(ConfigDataProvider.java:22)
at com.MyBatchProject.Utility.ConfigDataProvider.getBrowserNameFireFox(ConfigDataProvider.java:22)
at com.MyBatchProject.Utility.ConfigDataProvider.getBrowserNameFireFox(ConfigDataProvider.java:22)
at com.MyBatchProject.Utility.ConfigDataProvider.getBrowserNameFireFox(ConfigDataProvider.java:22)
at com.MyBatchProject.Utility.ConfigDataProvider.getBrowserNameFireFox(ConfigDataProvider.java:22)
at com.MyBatchProject.Utility.ConfigDataProvider.getBrowserNameFireFox(ConfigDataProvider.java:22)
at com.MyBatchProject.Utility.ConfigDataProvider.getBrowserNameFireFox(ConfigDataProvider.java:22)
at com.MyBatchProject.Utility.ConfigDataProvider.getBrowserNameFireFox(ConfigDataProvider.java:22)
at com.MyBatchProject.Utility.ConfigDataProvider.getBrowserNameFireFox(ConfigDataProvider.java:22)
at com.MyBatchProject.Utility.ConfigDataProvider.getBrowserNameFireFox(ConfigDataProvider.java:22)
at com.MyBatchProject.Utility.ConfigDataProvider.getBrowserNameFireFox(ConfigDataProvider.java:22)
at com.MyBatchProject.Utility.ConfigDataProvider.getBrowserNameFireFox(ConfigDataProvider.java:22)
at com.MyBatchProject.Utility.ConfigDataProvider.getBrowserNameFireFox(ConfigDataProvider.java:22)
at com.MyBatchProject.Utility.ConfigDataProvider.getBrowserNameFireFox(ConfigDataProvider.java:22)
at com.MyBatchProject.Utility.ConfigDataProvider.getBrowserNameFireFox(ConfigDataProvider.java:22)
at com.MyBatchProject.Utility.ConfigDataProvider.getBrowserNameFireFox(ConfigDataProvider.java:22)
at com.MyBatchProject.Utility.ConfigDataProvider.getBrowserNameFireFox(ConfigDataProvider.java:22)
at com.MyBatchProject.Utility.ConfigDataProvider.getBrowserNameFireFox(ConfigDataProvider.java:22)
at com.MyBatchProject.Utility.ConfigDataProvider.getBrowserNameFireFox(ConfigDataProvider.java:22)
at com.MyBatchProject.Utility.ConfigDataProvider.getBrowserNameFireFox(ConfigDataProvider.java:22)
at com.MyBatchProject.Utility.ConfigDataProvider.getBrowserNameFireFox(ConfigDataProvider.java:22)
at com.MyBatchProject.Utility.ConfigDataProvider.getBrowserNameFireFox(ConfigDataProvider.java:22)
at com.MyBatchProject.Utility.ConfigDataProvider.getBrowserNameFireFox(ConfigDataProvider.java:22)
at com.MyBatchProject.Utility.ConfigDataProvider.getBrowserNameFireFox(ConfigDataProvider.java:22)
at com.MyBatchProject.Utility.ConfigDataProvider.getBrowserNameFireFox(ConfigDataProvider.java:22)
at com.MyBatchProject.Utility.ConfigDataProvider.getBrowserNameFireFox(ConfigDataProvider.java:22)
at com.MyBatchProject.Utility.ConfigDataProvider.getBrowserNameFireFox(ConfigDataProvider.java:22)
at com.MyBatchProject.Utility.ConfigDataProvider.getBrowserNameFireFox(ConfigDataProvider.java:22)
at com.MyBatchProject.Utility.ConfigDataProvider.getBrowserNameFireFox(ConfigDataProvider.java:22)
at com.MyBatchProject.Utility.ConfigDataProvider.getBrowserNameFireFox(ConfigDataProvider.java:22)
at com.MyBatchProject.Utility.ConfigDataProvider.getBrowserNameFireFox(ConfigDataProvider.java:22)
at com.MyBatchProject.Utility.ConfigDataProvider.getBrowserNameFireFox(ConfigDataProvider.java:22)
at com.MyBatchProject.Utility.ConfigDataProvider.getBrowserNameFireFox(ConfigDataProvider.java:22)
at com.MyBatchProject.Utility.ConfigDataProvider.getBrowserNameFireFox(ConfigDataProvider.java:22)
at com.MyBatchProject.Utility.ConfigDataProvider.getBrowserNameFireFox(ConfigDataProvider.java:22)
at com.MyBatchProject.Utility.ConfigDataProvider.getBrowserNameFireFox(ConfigDataProvider.java:22)
at com.MyBatchProject.Utility.ConfigDataProvider.getBrowserNameFireFox(ConfigDataProvider.java:22)
at com.MyBatchProject.Utility.ConfigDataProvider.getBrowserNameFireFox(ConfigDataProvider.java:22)
at com.MyBatchProject.Utility.ConfigDataProvider.getBrowserNameFireFox(ConfigDataProvider.java:22)
at com.MyBatchProject.Utility.ConfigDataProvider.getBrowserNameFireFox(ConfigDataProvider.java:22)
at com.MyBatchProject.Utility.ConfigDataProvider.getBrowserNameFireFox(ConfigDataProvider.java:22)
at com.MyBatchProject.Utility.ConfigDataProvider.getBrowserNameFireFox(ConfigDataProvider.java:22)
at com.MyBatchProject.Utility.ConfigDataProvider.getBrowserNameFireFox(ConfigDataProvider.java:22)
at com.MyBatchProject.Utility.ConfigDataProvider.getBrowserNameFireFox(ConfigDataProvider.java:22)
at com.MyBatchProject.Utility.ConfigDataProvider.getBrowserNameFireFox(ConfigDataProvider.java:22)
at com.MyBatchProject.Utility.ConfigDataProvider.getBrowserNameFireFox(ConfigDataProvider.java:22)
at com.MyBatchProject.Utility.ConfigDataProvider.getBrowserNameFireFox(ConfigDataProvider.java:22)
at com.MyBatchProject.Utility.ConfigDataProvider.getBrowserNameFireFox(ConfigDataProvider.java:22)
at com.MyBatchProject.Utility.ConfigDataProvider.getBrowserNameFireFox(ConfigDataProvider.java:22)
at com.MyBatchProject.Utility.ConfigDataProvider.getBrowserNameFireFox(ConfigDataProvider.java:22)
at com.MyBatchProject.Utility.ConfigDataProvider.getBrowserNameFireFox(ConfigDataProvider.java:22)
at com.MyBatchProject.Utility.ConfigDataProvider.getBrowserNameFireFox(ConfigDataProvider.java:22)
at com.MyBatchProject.Utility.ConfigDataProvider.getBrowserNameFireFox(ConfigDataProvider.java:22)
at com.MyBatchProject.Utility.ConfigDataProvider.getBrowserNameFireFox(ConfigDataProvider.java:22)
at com.MyBatchProject.Utility.ConfigDataProvider.getBrowserNameFireFox(ConfigDataProvider.java:22)
at com.MyBatchProject.Utility.ConfigDataProvider.getBrowserNameFireFox(ConfigDataProvider.java:22)
at com.MyBatchProject.Utility.ConfigDataProvider.getBrowserNameFireFox(ConfigDataProvider.java:22)
at com.MyBatchProject.Utility.ConfigDataProvider.getBrowserNameFireFox(ConfigDataProvider.java:22)
at com.MyBatchProject.Utility.ConfigDataProvider.getBrowserNameFireFox(ConfigDataProvider.java:22)
at com.MyBatchProject.Utility.ConfigDataProvider.getBrowserNameFireFox(ConfigDataProvider.java:22)
at com.MyBatchProject.Utility.ConfigDataProvider.getBrowserNameFireFox(ConfigDataProvider.java:22)
at com.MyBatchProject.Utility.ConfigDataProvider.getBrowserNameFireFox(ConfigDataProvider.java:22)
at com.MyBatchProject.Utility.ConfigDataProvider.getBrowserNameFireFox(ConfigDataProvider.java:22)
at com.MyBatchProject.Utility.ConfigDataProvider.getBrowserNameFireFox(ConfigDataProvider.java:22)
at com.MyBatchProject.Utility.ConfigDataProvider.getBrowserNameFireFox(ConfigDataProvider.java:22)
at com.MyBatchProject.Utility.ConfigDataProvider.getBrowserNameFireFox(ConfigDataProvider.java:22)
at com.MyBatchProject.Utility.ConfigDataProvider.getBrowserNameFireFox(ConfigDataProvider.java:22)
at com.MyBatchProject.Utility.ConfigDataProvider.getBrowserNameFireFox(ConfigDataProvider.java:22)
at com.MyBatchProject.Utility.ConfigDataProvider.getBrowserNameFireFox(ConfigDataProvider.java:22)
at com.MyBatchProject.Utility.ConfigDataProvider.getBrowserNameFireFox(ConfigDataProvider.java:22)
at com.MyBatchProject.Utility.ConfigDataProvider.getBrowserNameFireFox(ConfigDataProvider.java:22)
at com.MyBatchProject.Utility.ConfigDataProvider.getBrowserNameFireFox(ConfigDataProvider.java:22)
at com.MyBatchProject.Utility.ConfigDataProvider.getBrowserNameFireFox(ConfigDataProvider.java:22)
at com.MyBatchProject.Utility.ConfigDataProvider.getBrowserNameFireFox(ConfigDataProvider.java:22)
at com.MyBatchProject.Utility.ConfigDataProvider.getBrowserNameFireFox(ConfigDataProvider.java:22)
at com.MyBatchProject.Utility.ConfigDataProvider.getBrowserNameFireFox(ConfigDataProvider.java:22)
at com.MyBatchProject.Utility.ConfigDataProvider.getBrowserNameFireFox(ConfigDataProvider.java:22)
at com.MyBatchProject.Utility.ConfigDataProvider.getBrowserNameFireFox(ConfigDataProvider.java:22)
at com.MyBatchProject.Utility.ConfigDataProvider.getBrowserNameFireFox(ConfigDataProvider.java:22)
at com.MyBatchProject.Utility.ConfigDataProvider.getBrowserNameFireFox(ConfigDataProvider.java:22)
at com.MyBatchProject.Utility.ConfigDataProvider.getBrowserNameFireFox(ConfigDataProvider.java:22)
at com.MyBatchProject.Utility.ConfigDataProvider.getBrowserNameFireFox(ConfigDataProvider.java:22)
at com.MyBatchProject.Utility.ConfigDataProvider.getBrowserNameFireFox(ConfigDataProvider.java:22)
at com.MyBatchProject.Utility.ConfigDataProvider.getBrowserNameFireFox(ConfigDataProvider.java:22)
at com.MyBatchProject.Utility.ConfigDataProvider.getBrowserNameFireFox(ConfigDataProvider.java:22)
at com.MyBatchProject.Utility.ConfigDataProvider.getBrowserNameFireFox(ConfigDataProvider.java:22)
at com.MyBatchProject.Utility.ConfigDataProvider.getBrowserNameFireFox(ConfigDataProvider.java:22)
at com.MyBatchProject.Utility.ConfigDataProvider.getBrowserNameFireFox(ConfigDataProvider.java:22)
at com.MyBatchProject.Utility.ConfigDataProvider.getBrowserNameFireFox(ConfigDataProvider.java:22)
at com.MyBatchProject.Utility.ConfigDataProvider.getBrowserNameFireFox(ConfigDataProvider.java:22)
at com.MyBatchProject.Utility.ConfigDataProvider.getBrowserNameFireFox(ConfigDataProvider.java:22)
at com.MyBatchProject.Utility.ConfigDataProvider.getBrowserNameFireFox(ConfigDataProvider.java:22)
at com.MyBatchProject.Utility.ConfigDataProvider.getBrowserNameFireFox(ConfigDataProvider.java:22)
at com.MyBatchProject.Utility.ConfigDataProvider.getBrowserNameFireFox(ConfigDataProvider.java:22)
at com.MyBatchProject.Utility.ConfigDataProvider.getBrowserNameFireFox(ConfigDataProvider.java:22)
at com.MyBatchProject.Utility.ConfigDataProvider.getBrowserNameFireFox(ConfigDataProvider.java:22)
at com.MyBatchProject.Utility.ConfigDataProvider.getBrowserNameFireFox(ConfigDataProvider.java:22)
at com.MyBatchProject.Utility.ConfigDataProvider.getBrowserNameFireFox(ConfigDataProvider.java:22)
at com.MyBatchProject.Utility.ConfigDataProvider.getBrowserNameFireFox(ConfigDataProvider.java:22)
at com.MyBatchProject.Utility.ConfigDataProvider.getBrowserNameFireFox(ConfigDataProvider.java:22)
at com.MyBatchProject.Utility.ConfigDataProvider.getBrowserNameFireFox(ConfigDataProvider.java:22)
at com.MyBatchProject.Utility.ConfigDataProvider.getBrowserNameFireFox(ConfigDataProvider.java:22)
at com.MyBatchProject.Utility.ConfigDataProvider.getBrowserNameFireFox(ConfigDataProvider.java:22)
at com.MyBatchProject.Utility.ConfigDataProvider.getBrowserNameFireFox(ConfigDataProvider.java:22)
at com.MyBatchProject.Utility.ConfigDataProvider.getBrowserNameFireFox(ConfigDataProvider.java:22)
at com.MyBatchProject.Utility.ConfigDataProvider.getBrowserNameFireFox(ConfigDataProvider.java:22)
at com.MyBatchProject.Utility.ConfigDataProvider.getBrowserNameFireFox(ConfigDataProvider.java:22)
at com.MyBatchProject.Utility.ConfigDataProvider.getBrowserNameFireFox(ConfigDataProvider.java:22)
at com.MyBatchProject.Utility.ConfigDataProvider.getBrowserNameFireFox(ConfigDataProvider.java:22)
at com.MyBatchProject.Utility.ConfigDataProvider.getBrowserNameFireFox(ConfigDataProvider.java:22)
at com.MyBatchProject.Utility.ConfigDataProvider.getBrowserNameFireFox(ConfigDataProvider.java:22)
at com.MyBatchProject.Utility.ConfigDataProvider.getBrowserNameFireFox(ConfigDataProvider.java:22)
at com.MyBatchProject.Utility.ConfigDataProvider.getBrowserNameFireFox(ConfigDataProvider.java:22)
at com.MyBatchProject.Utility.ConfigDataProvider.getBrowserNameFireFox(ConfigDataProvider.java:22)
at com.MyBatchProject.Utility.ConfigDataProvider.getBrowserNameFireFox(ConfigDataProvider.java:22)
at com.MyBatchProject.Utility.ConfigDataProvider.getBrowserNameFireFox(ConfigDataProvider.java:22)
at com.MyBatchProject.Utility.ConfigDataProvider.getBrowserNameFireFox(ConfigDataProvider.java:22)
at com.MyBatchProject.Utility.ConfigDataProvider.getBrowserNameFireFox(ConfigDataProvider.java:22)
at com.MyBatchProject.Utility.ConfigDataProvider.getBrowserNameFireFox(ConfigDataProvider.java:22)
at com.MyBatchProject.Utility.ConfigDataProvider.getBrowserNameFireFox(ConfigDataProvider.java:22)
at com.MyBatchProject.Utility.ConfigDataProvider.getBrowserNameFireFox(ConfigDataProvider.java:22)
at com.MyBatchProject.Utility.ConfigDataProvider.getBrowserNameFireFox(ConfigDataProvider.java:22)
at com.MyBatchProject.Utility.ConfigDataProvider.getBrowserNameFireFox(ConfigDataProvider.java:22)
at com.MyBatchProject.Utility.ConfigDataProvider.getBrowserNameFireFox(ConfigDataProvider.java:22)
at com.MyBatchProject.Utility.ConfigDataProvider.getBrowserNameFireFox(ConfigDataProvider.java:22)
at com.MyBatchProject.Utility.ConfigDataProvider.getBrowserNameFireFox(ConfigDataProvider.java:22)
at com.MyBatchProject.Utility.ConfigDataProvider.getBrowserNameFireFox(ConfigDataProvider.java:22)
at com.MyBatchProject.Utility.ConfigDataProvider.getBrowserNameFireFox(ConfigDataProvider.java:22)
at com.MyBatchProject.Utility.ConfigDataProvider.getBrowserNameFireFox(ConfigDataProvider.java:22)
at com.MyBatchProject.Utility.ConfigDataProvider.getBrowserNameFireFox(ConfigDataProvider.java:22)
at com.MyBatchProject.Utility.ConfigDataProvider.getBrowserNameFireFox(ConfigDataProvider.java:22)
at com.MyBatchProject.Utility.ConfigDataProvider.getBrowserNameFireFox(ConfigDataProvider.java:22)
at com.MyBatchProject.Utility.ConfigDataProvider.getBrowserNameFireFox(ConfigDataProvider.java:22)
at com.MyBatchProject.Utility.ConfigDataProvider.getBrowserNameFireFox(ConfigDataProvider.java:22)
at com.MyBatchProject.Utility.ConfigDataProvider.getBrowserNameFireFox(ConfigDataProvider.java:22)
at com.MyBatchProject.Utility.ConfigDataProvider.getBrowserNameFireFox(ConfigDataProvider.java:22)
at com.MyBatchProject.Utility.ConfigDataProvider.getBrowserNameFireFox(ConfigDataProvider.java:22)
at com.MyBatchProject.Utility.ConfigDataProvider.getBrowserNameFireFox(ConfigDataProvider.java:22)
at com.MyBatchProject.Utility.ConfigDataProvider.getBrowserNameFireFox(ConfigDataProvider.java:22)
at com.MyBatchProject.Utility.ConfigDataProvider.getBrowserNameFireFox(ConfigDataProvider.java:22)
at com.MyBatchProject.Utility.ConfigDataProvider.getBrowserNameFireFox(ConfigDataProvider.java:22)
at com.MyBatchProject.Utility.ConfigDataProvider.getBrowserNameFireFox(ConfigDataProvider.java:22)
at com.MyBatchProject.Utility.ConfigDataProvider.getBrowserNameFireFox(ConfigDataProvider.java:22)
at com.MyBatchProject.Utility.ConfigDataProvider.getBrowserNameFireFox(ConfigDataProvider.java:22)
at com.MyBatchProject.Utility.ConfigDataProvider.getBrowserNameFireFox(ConfigDataProvider.java:22)
at com.MyBatchProject.Utility.ConfigDataProvider.getBrowserNameFireFox(ConfigDataProvider.java:22)
at com.MyBatchProject.Utility.ConfigDataProvider.getBrowserNameFireFox(ConfigDataProvider.java:22)
at com.MyBatchProject.Utility.ConfigDataProvider.getBrowserNameFireFox(ConfigDataProvider.java:22)
at com.MyBatchProject.Utility.ConfigDataProvider.getBrowserNameFireFox(ConfigDataProvider.java:22)
at com.MyBatchProject.Utility.ConfigDataProvider.getBrowserNameFireFox(ConfigDataProvider.java:22)
at com.MyBatchProject.Utility.ConfigDataProvider.getBrowserNameFireFox(ConfigDataProvider.java:22)
at com.MyBatchProject.Utility.ConfigDataProvider.getBrowserNameFireFox(ConfigDataProvider.java:22)
at com.MyBatchProject.Utility.ConfigDataProvider.getBrowserNameFireFox(ConfigDataProvider.java:22)
at com.MyBatchProject.Utility.ConfigDataProvider.getBrowserNameFireFox(ConfigDataProvider.java:22)
at com.MyBatchProject.Utility.ConfigDataProvider.getBrowserNameFireFox(ConfigDataProvider.java:22)
at com.MyBatchProject.Utility.ConfigDataProvider.getBrowserNameFireFox(ConfigDataProvider.java:22)
at com.MyBatchProject.Utility.ConfigDataProvider.getBrowserNameFireFox(ConfigDataProvider.java:22)
at com.MyBatchProject.Utility.ConfigDataProvider.getBrowserNameFireFox(ConfigDataProvider.java:22)
at com.MyBatchProject.Utility.ConfigDataProvider.getBrowserNameFireFox(ConfigDataProvider.java:22)
at com.MyBatchProject.Utility.ConfigDataProvider.getBrowserNameFireFox(ConfigDataProvider.java:22)
at com.MyBatchProject.Utility.ConfigDataProvider.getBrowserNameFireFox(ConfigDataProvider.java:22)
at com.MyBatchProject.Utility.ConfigDataProvider.getBrowserNameFireFox(ConfigDataProvider.java:22)
at com.MyBatchProject.Utility.ConfigDataProvider.getBrowserNameFireFox(ConfigDataProvider.java:22)
at com.MyBatchProject.Utility.ConfigDataProvider.getBrowserNameFireFox(ConfigDataProvider.java:22)
at com.MyBatchProject.Utility.ConfigDataProvider.getBrowserNameFireFox(ConfigDataProvider.java:22)
at com.MyBatchProject.Utility.ConfigDataProvider.getBrowserNameFireFox(ConfigDataProvider.java:22)
at com.MyBatchProject.Utility.ConfigDataProvider.getBrowserNameFireFox(ConfigDataProvider.java:22)
at com.MyBatchProject.Utility.ConfigDataProvider.getBrowserNameFireFox(ConfigDataProvider.java:22)
at com.MyBatchProject.Utility.ConfigDataProvider.getBrowserNameFireFox(ConfigDataProvider.java:22)
at com.MyBatchProject.Utility.ConfigDataProvider.getBrowserNameFireFox(ConfigDataProvider.java:22)
at com.MyBatchProject.Utility.ConfigDataProvider.getBrowserNameFireFox(ConfigDataProvider.java:22)
at com.MyBatchProject.Utility.ConfigDataProvider.getBrowserNameFireFox(ConfigDataProvider.java:22)
at com.MyBatchProject.Utility.ConfigDataProvider.getBrowserNameFireFox(ConfigDataProvider.java:22)
]]>
    </failure>
  </testcase> <!-- @BeforeMethod launchBrowser -->
  <testcase classname="com.MyBatchProject.Utility.BaseClass" name="@AfterMethod closeBrowser" time="-1.639297089252E9">
    <skipped/>
  </testcase> <!-- @AfterMethod closeBrowser -->
  <testcase classname="com.MyBatchProject.Test.VerifyLoginTest" name="VerifyLoginPage_TC001" time="0.0">
    <skipped/>
  </testcase> <!-- VerifyLoginPage_TC001 -->
</testsuite> <!-- LoginTestEdge -->
